INFO [2022-06-23 12:53:40] $x
INFO [2022-06-23 12:53:40] list(`20 min` = R1, `120 min` = R2)
INFO [2022-06-23 12:53:40] 
INFO [2022-06-23 12:53:40] $filename
INFO [2022-06-23 12:53:40] myfile1
INFO [2022-06-23 12:53:40] 
INFO [2022-06-23 12:53:40] $main
INFO [2022-06-23 12:53:40] [1] "UniProtID"
INFO [2022-06-23 12:53:40] 
INFO [2022-06-23 12:53:40] $main.fontface
INFO [2022-06-23 12:53:40] [1] "bold"
INFO [2022-06-23 12:53:40] 
INFO [2022-06-23 12:53:40] $main.fontfamily
INFO [2022-06-23 12:53:40] [1] "sans"
INFO [2022-06-23 12:53:40] 
INFO [2022-06-23 12:53:40] $main.cex
INFO [2022-06-23 12:53:40] [1] 1.6
INFO [2022-06-23 12:53:40] 
INFO [2022-06-23 12:53:40] $main.pos
INFO [2022-06-23 12:53:40] c(0.5, 0.8)
INFO [2022-06-23 12:53:40] 
INFO [2022-06-23 12:53:40] $cex
INFO [2022-06-23 12:53:40] [1] 1
INFO [2022-06-23 12:53:40] 
INFO [2022-06-23 12:53:40] $label.col
INFO [2022-06-23 12:53:40] [1] "grey9"
INFO [2022-06-23 12:53:40] 
INFO [2022-06-23 12:53:40] $label.fontfamily
INFO [2022-06-23 12:53:40] [1] "sans"
INFO [2022-06-23 12:53:40] 
INFO [2022-06-23 12:53:40] $cat.cex
INFO [2022-06-23 12:53:40] [1] 1.1
INFO [2022-06-23 12:53:40] 
INFO [2022-06-23 12:53:40] $cat.col
INFO [2022-06-23 12:53:40] c("brown", "#4f79a4")
INFO [2022-06-23 12:53:40] 
INFO [2022-06-23 12:53:40] $cat.just
INFO [2022-06-23 12:53:40] list(c(0.07, -4.5), c(0.7, -5))
INFO [2022-06-23 12:53:40] 
INFO [2022-06-23 12:53:40] $cat.default.pos
INFO [2022-06-23 12:53:40] [1] "outer"
INFO [2022-06-23 12:53:40] 
INFO [2022-06-23 12:53:40] $cat.fontfamily
INFO [2022-06-23 12:53:40] [1] "sans"
INFO [2022-06-23 12:53:40] 
INFO [2022-06-23 12:53:40] $print.mode
INFO [2022-06-23 12:53:40] [1] "raw"
INFO [2022-06-23 12:53:40] 
INFO [2022-06-23 12:53:40] $direct.area
INFO [2022-06-23 12:53:40] [1] TRUE
INFO [2022-06-23 12:53:40] 
INFO [2022-06-23 12:53:40] $area.vector
INFO [2022-06-23 12:53:40] c(length(overlap$a1), length(overlap$a2), length(overlap$a3))
INFO [2022-06-23 12:53:40] 
INFO [2022-06-23 12:53:40] $fill
INFO [2022-06-23 12:53:40] c("#FFE699", "#C5E0B4")
INFO [2022-06-23 12:53:40] 
INFO [2022-06-23 12:53:40] $alpha
INFO [2022-06-23 12:53:40] [1] 0.3
INFO [2022-06-23 12:53:40] 
INFO [2022-06-23 12:53:40] $col
INFO [2022-06-23 12:53:40] c("#FFE699", "#C5E0B4")
INFO [2022-06-23 12:53:40] 
INFO [2022-06-23 12:53:40] $lwd
INFO [2022-06-23 12:53:40] [1] 2
INFO [2022-06-23 12:53:40] 
INFO [2022-06-23 12:53:40] $height
INFO [2022-06-23 12:53:40] [1] 2000
INFO [2022-06-23 12:53:40] 
INFO [2022-06-23 12:53:40] $width
INFO [2022-06-23 12:53:40] [1] 2000
INFO [2022-06-23 12:53:40] 
INFO [2022-06-23 12:53:40] $margin
INFO [2022-06-23 12:53:40] [1] 0.31
INFO [2022-06-23 12:53:40] 
