INFO [2022-06-23 11:21:05] $x
INFO [2022-06-23 11:21:05] list(`20 min` = R1, `120 min` = R2)
INFO [2022-06-23 11:21:05] 
INFO [2022-06-23 11:21:05] $filename
INFO [2022-06-23 11:21:05] myfile1
INFO [2022-06-23 11:21:05] 
INFO [2022-06-23 11:21:05] $main
INFO [2022-06-23 11:21:05] [1] "UniProtID"
INFO [2022-06-23 11:21:05] 
INFO [2022-06-23 11:21:05] $main.fontface
INFO [2022-06-23 11:21:05] [1] "bold"
INFO [2022-06-23 11:21:05] 
INFO [2022-06-23 11:21:05] $main.fontfamily
INFO [2022-06-23 11:21:05] [1] "sans"
INFO [2022-06-23 11:21:05] 
INFO [2022-06-23 11:21:05] $main.cex
INFO [2022-06-23 11:21:05] [1] 1.6
INFO [2022-06-23 11:21:05] 
INFO [2022-06-23 11:21:05] $main.pos
INFO [2022-06-23 11:21:05] c(0.5, 0.8)
INFO [2022-06-23 11:21:05] 
INFO [2022-06-23 11:21:05] $cex
INFO [2022-06-23 11:21:05] [1] 1
INFO [2022-06-23 11:21:05] 
INFO [2022-06-23 11:21:05] $label.col
INFO [2022-06-23 11:21:05] [1] "grey9"
INFO [2022-06-23 11:21:05] 
INFO [2022-06-23 11:21:05] $label.fontfamily
INFO [2022-06-23 11:21:05] [1] "sans"
INFO [2022-06-23 11:21:05] 
INFO [2022-06-23 11:21:05] $cat.cex
INFO [2022-06-23 11:21:05] [1] 1.1
INFO [2022-06-23 11:21:05] 
INFO [2022-06-23 11:21:05] $cat.col
INFO [2022-06-23 11:21:05] c("brown", "#4f79a4")
INFO [2022-06-23 11:21:05] 
INFO [2022-06-23 11:21:05] $cat.just
INFO [2022-06-23 11:21:05] list(c(0.07, -4.5), c(0.7, -5))
INFO [2022-06-23 11:21:05] 
INFO [2022-06-23 11:21:05] $cat.default.pos
INFO [2022-06-23 11:21:05] [1] "outer"
INFO [2022-06-23 11:21:05] 
INFO [2022-06-23 11:21:05] $cat.fontfamily
INFO [2022-06-23 11:21:05] [1] "sans"
INFO [2022-06-23 11:21:05] 
INFO [2022-06-23 11:21:05] $print.mode
INFO [2022-06-23 11:21:05] [1] "raw"
INFO [2022-06-23 11:21:05] 
INFO [2022-06-23 11:21:05] $direct.area
INFO [2022-06-23 11:21:05] [1] TRUE
INFO [2022-06-23 11:21:05] 
INFO [2022-06-23 11:21:05] $area.vector
INFO [2022-06-23 11:21:05] c(length(overlap$a1), length(overlap$a2), length(overlap$a3))
INFO [2022-06-23 11:21:05] 
INFO [2022-06-23 11:21:05] $fill
INFO [2022-06-23 11:21:05] c("brown", "#4f79a4")
INFO [2022-06-23 11:21:05] 
INFO [2022-06-23 11:21:05] $alpha
INFO [2022-06-23 11:21:05] [1] 0.3
INFO [2022-06-23 11:21:05] 
INFO [2022-06-23 11:21:05] $col
INFO [2022-06-23 11:21:05] c("brown", "#4f79a4")
INFO [2022-06-23 11:21:05] 
INFO [2022-06-23 11:21:05] $lwd
INFO [2022-06-23 11:21:05] [1] 2
INFO [2022-06-23 11:21:05] 
INFO [2022-06-23 11:21:05] $height
INFO [2022-06-23 11:21:05] [1] 2000
INFO [2022-06-23 11:21:05] 
INFO [2022-06-23 11:21:05] $width
INFO [2022-06-23 11:21:05] [1] 2000
INFO [2022-06-23 11:21:05] 
INFO [2022-06-23 11:21:05] $margin
INFO [2022-06-23 11:21:05] [1] 0.31
INFO [2022-06-23 11:21:05] 
