INFO [2022-06-23 14:19:33] $x
INFO [2022-06-23 14:19:33] list(`20 min` = R1, `120 min` = R2)
INFO [2022-06-23 14:19:33] 
INFO [2022-06-23 14:19:33] $filename
INFO [2022-06-23 14:19:33] myfile2
INFO [2022-06-23 14:19:33] 
INFO [2022-06-23 14:19:33] $cex
INFO [2022-06-23 14:19:33] [1] 1
INFO [2022-06-23 14:19:33] 
INFO [2022-06-23 14:19:33] $label.col
INFO [2022-06-23 14:19:33] [1] "transparent"
INFO [2022-06-23 14:19:33] 
INFO [2022-06-23 14:19:33] $label.fontfamily
INFO [2022-06-23 14:19:33] [1] "sans"
INFO [2022-06-23 14:19:33] 
INFO [2022-06-23 14:19:33] $cat.cex
INFO [2022-06-23 14:19:33] [1] 1.1
INFO [2022-06-23 14:19:33] 
INFO [2022-06-23 14:19:33] $cat.col
INFO [2022-06-23 14:19:33] [1] "transparent"
INFO [2022-06-23 14:19:33] 
INFO [2022-06-23 14:19:33] $cat.just
INFO [2022-06-23 14:19:33] list(c(0.07, -4.5), c(0.7, -5))
INFO [2022-06-23 14:19:33] 
INFO [2022-06-23 14:19:33] $cat.default.pos
INFO [2022-06-23 14:19:33] [1] "outer"
INFO [2022-06-23 14:19:33] 
INFO [2022-06-23 14:19:33] $cat.fontfamily
INFO [2022-06-23 14:19:33] [1] "sans"
INFO [2022-06-23 14:19:33] 
INFO [2022-06-23 14:19:33] $print.mode
INFO [2022-06-23 14:19:33] [1] "raw"
INFO [2022-06-23 14:19:33] 
INFO [2022-06-23 14:19:33] $direct.area
INFO [2022-06-23 14:19:33] [1] TRUE
INFO [2022-06-23 14:19:33] 
INFO [2022-06-23 14:19:33] $area.vector
INFO [2022-06-23 14:19:33] c(length(overlap$a1), length(overlap$a2), length(overlap$a3))
INFO [2022-06-23 14:19:33] 
INFO [2022-06-23 14:19:33] $fill
INFO [2022-06-23 14:19:33] c("#0096FF", "#0433FF")
INFO [2022-06-23 14:19:33] 
INFO [2022-06-23 14:19:33] $alpha
INFO [2022-06-23 14:19:33] [1] 0.3
INFO [2022-06-23 14:19:33] 
INFO [2022-06-23 14:19:33] $col
INFO [2022-06-23 14:19:33] c("#0096FF", "#0433FF")
INFO [2022-06-23 14:19:33] 
INFO [2022-06-23 14:19:33] $lwd
INFO [2022-06-23 14:19:33] [1] 2
INFO [2022-06-23 14:19:33] 
INFO [2022-06-23 14:19:33] $height
INFO [2022-06-23 14:19:33] [1] 2000
INFO [2022-06-23 14:19:33] 
INFO [2022-06-23 14:19:33] $width
INFO [2022-06-23 14:19:33] [1] 2000
INFO [2022-06-23 14:19:33] 
INFO [2022-06-23 14:19:33] $margin
INFO [2022-06-23 14:19:33] [1] 0
INFO [2022-06-23 14:19:33] 
