INFO [2022-06-23 14:19:02] $x
INFO [2022-06-23 14:19:02] list(`20 min` = R1, `120 min` = R2)
INFO [2022-06-23 14:19:02] 
INFO [2022-06-23 14:19:02] $filename
INFO [2022-06-23 14:19:02] myfile1
INFO [2022-06-23 14:19:02] 
INFO [2022-06-23 14:19:02] $main
INFO [2022-06-23 14:19:02] [1] "UniProtID"
INFO [2022-06-23 14:19:02] 
INFO [2022-06-23 14:19:02] $main.fontface
INFO [2022-06-23 14:19:02] [1] "bold"
INFO [2022-06-23 14:19:02] 
INFO [2022-06-23 14:19:02] $main.fontfamily
INFO [2022-06-23 14:19:02] [1] "sans"
INFO [2022-06-23 14:19:02] 
INFO [2022-06-23 14:19:02] $main.cex
INFO [2022-06-23 14:19:02] [1] 1.6
INFO [2022-06-23 14:19:02] 
INFO [2022-06-23 14:19:02] $main.pos
INFO [2022-06-23 14:19:02] c(0.5, 0.8)
INFO [2022-06-23 14:19:02] 
INFO [2022-06-23 14:19:02] $cex
INFO [2022-06-23 14:19:02] [1] 1
INFO [2022-06-23 14:19:02] 
INFO [2022-06-23 14:19:02] $label.col
INFO [2022-06-23 14:19:02] [1] "grey9"
INFO [2022-06-23 14:19:02] 
INFO [2022-06-23 14:19:02] $label.fontfamily
INFO [2022-06-23 14:19:02] [1] "sans"
INFO [2022-06-23 14:19:02] 
INFO [2022-06-23 14:19:02] $cat.cex
INFO [2022-06-23 14:19:02] [1] 1.1
INFO [2022-06-23 14:19:02] 
INFO [2022-06-23 14:19:02] $cat.col
INFO [2022-06-23 14:19:02] c("brown", "#4f79a4")
INFO [2022-06-23 14:19:02] 
INFO [2022-06-23 14:19:02] $cat.just
INFO [2022-06-23 14:19:02] list(c(0.07, -4.5), c(0.7, -5))
INFO [2022-06-23 14:19:02] 
INFO [2022-06-23 14:19:02] $cat.default.pos
INFO [2022-06-23 14:19:02] [1] "outer"
INFO [2022-06-23 14:19:02] 
INFO [2022-06-23 14:19:02] $cat.fontfamily
INFO [2022-06-23 14:19:02] [1] "sans"
INFO [2022-06-23 14:19:02] 
INFO [2022-06-23 14:19:02] $print.mode
INFO [2022-06-23 14:19:02] [1] "raw"
INFO [2022-06-23 14:19:02] 
INFO [2022-06-23 14:19:02] $direct.area
INFO [2022-06-23 14:19:02] [1] TRUE
INFO [2022-06-23 14:19:02] 
INFO [2022-06-23 14:19:02] $area.vector
INFO [2022-06-23 14:19:02] c(length(overlap$a1), length(overlap$a2), length(overlap$a3))
INFO [2022-06-23 14:19:02] 
INFO [2022-06-23 14:19:02] $fill
INFO [2022-06-23 14:19:02] c("#0096FF", "#0433FF")
INFO [2022-06-23 14:19:02] 
INFO [2022-06-23 14:19:02] $alpha
INFO [2022-06-23 14:19:02] [1] 0.3
INFO [2022-06-23 14:19:02] 
INFO [2022-06-23 14:19:02] $col
INFO [2022-06-23 14:19:02] c("#0096FF", "#0433FF")
INFO [2022-06-23 14:19:02] 
INFO [2022-06-23 14:19:02] $lwd
INFO [2022-06-23 14:19:02] [1] 2
INFO [2022-06-23 14:19:02] 
INFO [2022-06-23 14:19:02] $height
INFO [2022-06-23 14:19:02] [1] 2000
INFO [2022-06-23 14:19:02] 
INFO [2022-06-23 14:19:02] $width
INFO [2022-06-23 14:19:02] [1] 2000
INFO [2022-06-23 14:19:02] 
INFO [2022-06-23 14:19:02] $margin
INFO [2022-06-23 14:19:02] [1] 0.31
INFO [2022-06-23 14:19:02] 
