INFO [2022-06-23 14:18:26] $x
INFO [2022-06-23 14:18:26] list(`20 min` = R1, `120 min` = R2)
INFO [2022-06-23 14:18:26] 
INFO [2022-06-23 14:18:26] $filename
INFO [2022-06-23 14:18:26] myfile2
INFO [2022-06-23 14:18:26] 
INFO [2022-06-23 14:18:26] $cex
INFO [2022-06-23 14:18:26] [1] 1
INFO [2022-06-23 14:18:26] 
INFO [2022-06-23 14:18:26] $label.col
INFO [2022-06-23 14:18:26] [1] "transparent"
INFO [2022-06-23 14:18:26] 
INFO [2022-06-23 14:18:26] $label.fontfamily
INFO [2022-06-23 14:18:26] [1] "sans"
INFO [2022-06-23 14:18:26] 
INFO [2022-06-23 14:18:26] $cat.cex
INFO [2022-06-23 14:18:26] [1] 1.1
INFO [2022-06-23 14:18:26] 
INFO [2022-06-23 14:18:26] $cat.col
INFO [2022-06-23 14:18:26] [1] "transparent"
INFO [2022-06-23 14:18:26] 
INFO [2022-06-23 14:18:26] $cat.just
INFO [2022-06-23 14:18:26] list(c(0.07, -4.5), c(0.7, -5))
INFO [2022-06-23 14:18:26] 
INFO [2022-06-23 14:18:26] $cat.default.pos
INFO [2022-06-23 14:18:26] [1] "outer"
INFO [2022-06-23 14:18:26] 
INFO [2022-06-23 14:18:26] $cat.fontfamily
INFO [2022-06-23 14:18:26] [1] "sans"
INFO [2022-06-23 14:18:26] 
INFO [2022-06-23 14:18:26] $print.mode
INFO [2022-06-23 14:18:26] [1] "raw"
INFO [2022-06-23 14:18:26] 
INFO [2022-06-23 14:18:26] $direct.area
INFO [2022-06-23 14:18:26] [1] TRUE
INFO [2022-06-23 14:18:26] 
INFO [2022-06-23 14:18:26] $area.vector
INFO [2022-06-23 14:18:26] c(length(overlap$a1), length(overlap$a2), length(overlap$a3))
INFO [2022-06-23 14:18:26] 
INFO [2022-06-23 14:18:26] $fill
INFO [2022-06-23 14:18:26] c("#0096FF", "#0433FF")
INFO [2022-06-23 14:18:26] 
INFO [2022-06-23 14:18:26] $alpha
INFO [2022-06-23 14:18:26] [1] 0.7
INFO [2022-06-23 14:18:26] 
INFO [2022-06-23 14:18:26] $col
INFO [2022-06-23 14:18:26] c("#0096FF", "#0433FF")
INFO [2022-06-23 14:18:26] 
INFO [2022-06-23 14:18:26] $lwd
INFO [2022-06-23 14:18:26] [1] 2
INFO [2022-06-23 14:18:26] 
INFO [2022-06-23 14:18:26] $height
INFO [2022-06-23 14:18:26] [1] 2000
INFO [2022-06-23 14:18:26] 
INFO [2022-06-23 14:18:26] $width
INFO [2022-06-23 14:18:26] [1] 2000
INFO [2022-06-23 14:18:26] 
INFO [2022-06-23 14:18:26] $margin
INFO [2022-06-23 14:18:26] [1] 0
INFO [2022-06-23 14:18:26] 
