INFO [2022-06-23 12:54:22] $x
INFO [2022-06-23 12:54:22] list(`20 min` = R1, `120 min` = R2)
INFO [2022-06-23 12:54:22] 
INFO [2022-06-23 12:54:22] $filename
INFO [2022-06-23 12:54:22] myfile2
INFO [2022-06-23 12:54:22] 
INFO [2022-06-23 12:54:22] $cex
INFO [2022-06-23 12:54:22] [1] 1
INFO [2022-06-23 12:54:22] 
INFO [2022-06-23 12:54:22] $label.col
INFO [2022-06-23 12:54:22] [1] "transparent"
INFO [2022-06-23 12:54:22] 
INFO [2022-06-23 12:54:22] $label.fontfamily
INFO [2022-06-23 12:54:22] [1] "sans"
INFO [2022-06-23 12:54:22] 
INFO [2022-06-23 12:54:22] $cat.cex
INFO [2022-06-23 12:54:22] [1] 1.1
INFO [2022-06-23 12:54:22] 
INFO [2022-06-23 12:54:22] $cat.col
INFO [2022-06-23 12:54:22] [1] "transparent"
INFO [2022-06-23 12:54:22] 
INFO [2022-06-23 12:54:22] $cat.just
INFO [2022-06-23 12:54:22] list(c(0.07, -4.5), c(0.7, -5))
INFO [2022-06-23 12:54:22] 
INFO [2022-06-23 12:54:22] $cat.default.pos
INFO [2022-06-23 12:54:22] [1] "outer"
INFO [2022-06-23 12:54:22] 
INFO [2022-06-23 12:54:22] $cat.fontfamily
INFO [2022-06-23 12:54:22] [1] "sans"
INFO [2022-06-23 12:54:22] 
INFO [2022-06-23 12:54:22] $print.mode
INFO [2022-06-23 12:54:22] [1] "raw"
INFO [2022-06-23 12:54:22] 
INFO [2022-06-23 12:54:22] $direct.area
INFO [2022-06-23 12:54:22] [1] TRUE
INFO [2022-06-23 12:54:22] 
INFO [2022-06-23 12:54:22] $area.vector
INFO [2022-06-23 12:54:22] c(length(overlap$a1), length(overlap$a2), length(overlap$a3))
INFO [2022-06-23 12:54:22] 
INFO [2022-06-23 12:54:22] $fill
INFO [2022-06-23 12:54:22] c("#FFE699", "#C5E0B4")
INFO [2022-06-23 12:54:22] 
INFO [2022-06-23 12:54:22] $alpha
INFO [2022-06-23 12:54:22] [1] 0.7
INFO [2022-06-23 12:54:22] 
INFO [2022-06-23 12:54:22] $col
INFO [2022-06-23 12:54:22] c("#FFE699", "#C5E0B4")
INFO [2022-06-23 12:54:22] 
INFO [2022-06-23 12:54:22] $lwd
INFO [2022-06-23 12:54:22] [1] 2
INFO [2022-06-23 12:54:22] 
INFO [2022-06-23 12:54:22] $height
INFO [2022-06-23 12:54:22] [1] 2000
INFO [2022-06-23 12:54:22] 
INFO [2022-06-23 12:54:22] $width
INFO [2022-06-23 12:54:22] [1] 2000
INFO [2022-06-23 12:54:22] 
INFO [2022-06-23 12:54:22] $margin
INFO [2022-06-23 12:54:22] [1] 0
INFO [2022-06-23 12:54:22] 
