INFO [2022-06-23 12:54:04] $x
INFO [2022-06-23 12:54:04] list(`20 min` = R1, `120 min` = R2)
INFO [2022-06-23 12:54:04] 
INFO [2022-06-23 12:54:04] $filename
INFO [2022-06-23 12:54:04] myfile2
INFO [2022-06-23 12:54:04] 
INFO [2022-06-23 12:54:04] $cex
INFO [2022-06-23 12:54:04] [1] 1
INFO [2022-06-23 12:54:04] 
INFO [2022-06-23 12:54:04] $label.col
INFO [2022-06-23 12:54:04] [1] "transparent"
INFO [2022-06-23 12:54:04] 
INFO [2022-06-23 12:54:04] $label.fontfamily
INFO [2022-06-23 12:54:04] [1] "sans"
INFO [2022-06-23 12:54:04] 
INFO [2022-06-23 12:54:04] $cat.cex
INFO [2022-06-23 12:54:04] [1] 1.1
INFO [2022-06-23 12:54:04] 
INFO [2022-06-23 12:54:04] $cat.col
INFO [2022-06-23 12:54:04] [1] "transparent"
INFO [2022-06-23 12:54:04] 
INFO [2022-06-23 12:54:04] $cat.just
INFO [2022-06-23 12:54:04] list(c(0.07, -4.5), c(0.7, -5))
INFO [2022-06-23 12:54:04] 
INFO [2022-06-23 12:54:04] $cat.default.pos
INFO [2022-06-23 12:54:04] [1] "outer"
INFO [2022-06-23 12:54:04] 
INFO [2022-06-23 12:54:04] $cat.fontfamily
INFO [2022-06-23 12:54:04] [1] "sans"
INFO [2022-06-23 12:54:04] 
INFO [2022-06-23 12:54:04] $print.mode
INFO [2022-06-23 12:54:04] [1] "raw"
INFO [2022-06-23 12:54:04] 
INFO [2022-06-23 12:54:04] $direct.area
INFO [2022-06-23 12:54:04] [1] TRUE
INFO [2022-06-23 12:54:04] 
INFO [2022-06-23 12:54:04] $area.vector
INFO [2022-06-23 12:54:04] c(length(overlap$a1), length(overlap$a2), length(overlap$a3))
INFO [2022-06-23 12:54:04] 
INFO [2022-06-23 12:54:04] $fill
INFO [2022-06-23 12:54:04] c("#FFE699", "#C5E0B4")
INFO [2022-06-23 12:54:04] 
INFO [2022-06-23 12:54:04] $alpha
INFO [2022-06-23 12:54:04] [1] 0.5
INFO [2022-06-23 12:54:04] 
INFO [2022-06-23 12:54:04] $col
INFO [2022-06-23 12:54:04] c("#FFE699", "#C5E0B4")
INFO [2022-06-23 12:54:04] 
INFO [2022-06-23 12:54:04] $lwd
INFO [2022-06-23 12:54:04] [1] 2
INFO [2022-06-23 12:54:04] 
INFO [2022-06-23 12:54:04] $height
INFO [2022-06-23 12:54:04] [1] 2000
INFO [2022-06-23 12:54:04] 
INFO [2022-06-23 12:54:04] $width
INFO [2022-06-23 12:54:04] [1] 2000
INFO [2022-06-23 12:54:04] 
INFO [2022-06-23 12:54:04] $margin
INFO [2022-06-23 12:54:04] [1] 0
INFO [2022-06-23 12:54:04] 
