INFO [2022-06-23 11:21:41] $x
INFO [2022-06-23 11:21:41] list(`20 min` = R1, `120 min` = R2)
INFO [2022-06-23 11:21:41] 
INFO [2022-06-23 11:21:41] $filename
INFO [2022-06-23 11:21:41] myfile2
INFO [2022-06-23 11:21:41] 
INFO [2022-06-23 11:21:41] $cex
INFO [2022-06-23 11:21:41] [1] 1
INFO [2022-06-23 11:21:41] 
INFO [2022-06-23 11:21:41] $label.col
INFO [2022-06-23 11:21:41] [1] "transparent"
INFO [2022-06-23 11:21:41] 
INFO [2022-06-23 11:21:41] $label.fontfamily
INFO [2022-06-23 11:21:41] [1] "sans"
INFO [2022-06-23 11:21:41] 
INFO [2022-06-23 11:21:41] $cat.cex
INFO [2022-06-23 11:21:41] [1] 1.1
INFO [2022-06-23 11:21:41] 
INFO [2022-06-23 11:21:41] $cat.col
INFO [2022-06-23 11:21:41] [1] "transparent"
INFO [2022-06-23 11:21:41] 
INFO [2022-06-23 11:21:41] $cat.just
INFO [2022-06-23 11:21:41] list(c(0.07, -4.5), c(0.7, -5))
INFO [2022-06-23 11:21:41] 
INFO [2022-06-23 11:21:41] $cat.default.pos
INFO [2022-06-23 11:21:41] [1] "outer"
INFO [2022-06-23 11:21:41] 
INFO [2022-06-23 11:21:41] $cat.fontfamily
INFO [2022-06-23 11:21:41] [1] "sans"
INFO [2022-06-23 11:21:41] 
INFO [2022-06-23 11:21:41] $print.mode
INFO [2022-06-23 11:21:41] [1] "raw"
INFO [2022-06-23 11:21:41] 
INFO [2022-06-23 11:21:41] $direct.area
INFO [2022-06-23 11:21:41] [1] TRUE
INFO [2022-06-23 11:21:41] 
INFO [2022-06-23 11:21:41] $area.vector
INFO [2022-06-23 11:21:41] c(length(overlap$a1), length(overlap$a2), length(overlap$a3))
INFO [2022-06-23 11:21:41] 
INFO [2022-06-23 11:21:41] $fill
INFO [2022-06-23 11:21:41] c("brown", "#4f79a4")
INFO [2022-06-23 11:21:41] 
INFO [2022-06-23 11:21:41] $alpha
INFO [2022-06-23 11:21:41] [1] 0.3
INFO [2022-06-23 11:21:41] 
INFO [2022-06-23 11:21:41] $col
INFO [2022-06-23 11:21:41] c("brown", "#4f79a4")
INFO [2022-06-23 11:21:41] 
INFO [2022-06-23 11:21:41] $lwd
INFO [2022-06-23 11:21:41] [1] 2
INFO [2022-06-23 11:21:41] 
INFO [2022-06-23 11:21:41] $height
INFO [2022-06-23 11:21:41] [1] 2000
INFO [2022-06-23 11:21:41] 
INFO [2022-06-23 11:21:41] $width
INFO [2022-06-23 11:21:41] [1] 2000
INFO [2022-06-23 11:21:41] 
INFO [2022-06-23 11:21:41] $margin
INFO [2022-06-23 11:21:41] [1] 0
INFO [2022-06-23 11:21:41] 
