INFO [2022-06-23 14:22:43] $x
INFO [2022-06-23 14:22:43] list(`20 min` = R1, `120 min` = R2)
INFO [2022-06-23 14:22:43] 
INFO [2022-06-23 14:22:43] $filename
INFO [2022-06-23 14:22:43] myfile2
INFO [2022-06-23 14:22:43] 
INFO [2022-06-23 14:22:43] $cex
INFO [2022-06-23 14:22:43] [1] 1
INFO [2022-06-23 14:22:43] 
INFO [2022-06-23 14:22:43] $label.col
INFO [2022-06-23 14:22:43] [1] "transparent"
INFO [2022-06-23 14:22:43] 
INFO [2022-06-23 14:22:43] $label.fontfamily
INFO [2022-06-23 14:22:43] [1] "sans"
INFO [2022-06-23 14:22:43] 
INFO [2022-06-23 14:22:43] $cat.cex
INFO [2022-06-23 14:22:43] [1] 1.1
INFO [2022-06-23 14:22:43] 
INFO [2022-06-23 14:22:43] $cat.col
INFO [2022-06-23 14:22:43] [1] "transparent"
INFO [2022-06-23 14:22:43] 
INFO [2022-06-23 14:22:43] $cat.just
INFO [2022-06-23 14:22:43] list(c(0.07, -4.5), c(0.7, -5))
INFO [2022-06-23 14:22:43] 
INFO [2022-06-23 14:22:43] $cat.default.pos
INFO [2022-06-23 14:22:43] [1] "outer"
INFO [2022-06-23 14:22:43] 
INFO [2022-06-23 14:22:43] $cat.fontfamily
INFO [2022-06-23 14:22:43] [1] "sans"
INFO [2022-06-23 14:22:43] 
INFO [2022-06-23 14:22:43] $print.mode
INFO [2022-06-23 14:22:43] [1] "raw"
INFO [2022-06-23 14:22:43] 
INFO [2022-06-23 14:22:43] $direct.area
INFO [2022-06-23 14:22:43] [1] TRUE
INFO [2022-06-23 14:22:43] 
INFO [2022-06-23 14:22:43] $area.vector
INFO [2022-06-23 14:22:43] c(length(overlap$a1), length(overlap$a2), length(overlap$a3))
INFO [2022-06-23 14:22:43] 
INFO [2022-06-23 14:22:43] $fill
INFO [2022-06-23 14:22:43] c("#FF7E7A", "#FF2600")
INFO [2022-06-23 14:22:43] 
INFO [2022-06-23 14:22:43] $alpha
INFO [2022-06-23 14:22:43] [1] 0.3
INFO [2022-06-23 14:22:43] 
INFO [2022-06-23 14:22:43] $col
INFO [2022-06-23 14:22:43] c("#FF7E7A", "#FF2600")
INFO [2022-06-23 14:22:43] 
INFO [2022-06-23 14:22:43] $lwd
INFO [2022-06-23 14:22:43] [1] 2
INFO [2022-06-23 14:22:43] 
INFO [2022-06-23 14:22:43] $height
INFO [2022-06-23 14:22:43] [1] 2000
INFO [2022-06-23 14:22:43] 
INFO [2022-06-23 14:22:43] $width
INFO [2022-06-23 14:22:43] [1] 2000
INFO [2022-06-23 14:22:43] 
INFO [2022-06-23 14:22:43] $margin
INFO [2022-06-23 14:22:43] [1] 0
INFO [2022-06-23 14:22:43] 
