INFO [2022-08-11 13:44:50] $x
INFO [2022-08-11 13:44:50] list(`20 min` = R1, `120 min` = R2)
INFO [2022-08-11 13:44:50] 
INFO [2022-08-11 13:44:50] $filename
INFO [2022-08-11 13:44:50] myfile1
INFO [2022-08-11 13:44:50] 
INFO [2022-08-11 13:44:50] $main
INFO [2022-08-11 13:44:50] [1] "UniProtID"
INFO [2022-08-11 13:44:50] 
INFO [2022-08-11 13:44:50] $main.fontface
INFO [2022-08-11 13:44:50] [1] "bold"
INFO [2022-08-11 13:44:50] 
INFO [2022-08-11 13:44:50] $main.fontfamily
INFO [2022-08-11 13:44:50] [1] "sans"
INFO [2022-08-11 13:44:50] 
INFO [2022-08-11 13:44:50] $main.cex
INFO [2022-08-11 13:44:50] [1] 1.6
INFO [2022-08-11 13:44:50] 
INFO [2022-08-11 13:44:50] $main.pos
INFO [2022-08-11 13:44:50] c(0.5, 0.8)
INFO [2022-08-11 13:44:50] 
INFO [2022-08-11 13:44:50] $cex
INFO [2022-08-11 13:44:50] [1] 1
INFO [2022-08-11 13:44:50] 
INFO [2022-08-11 13:44:50] $label.col
INFO [2022-08-11 13:44:50] [1] "grey9"
INFO [2022-08-11 13:44:50] 
INFO [2022-08-11 13:44:50] $label.fontfamily
INFO [2022-08-11 13:44:50] [1] "sans"
INFO [2022-08-11 13:44:50] 
INFO [2022-08-11 13:44:50] $cat.cex
INFO [2022-08-11 13:44:50] [1] 1.1
INFO [2022-08-11 13:44:50] 
INFO [2022-08-11 13:44:50] $cat.col
INFO [2022-08-11 13:44:50] c("blue", "green")
INFO [2022-08-11 13:44:50] 
INFO [2022-08-11 13:44:50] $cat.just
INFO [2022-08-11 13:44:50] list(c(0.07, -4.5), c(0.7, -5))
INFO [2022-08-11 13:44:50] 
INFO [2022-08-11 13:44:50] $cat.default.pos
INFO [2022-08-11 13:44:50] [1] "outer"
INFO [2022-08-11 13:44:50] 
INFO [2022-08-11 13:44:50] $cat.fontfamily
INFO [2022-08-11 13:44:50] [1] "sans"
INFO [2022-08-11 13:44:50] 
INFO [2022-08-11 13:44:50] $print.mode
INFO [2022-08-11 13:44:50] [1] "raw"
INFO [2022-08-11 13:44:50] 
INFO [2022-08-11 13:44:50] $direct.area
INFO [2022-08-11 13:44:50] [1] TRUE
INFO [2022-08-11 13:44:50] 
INFO [2022-08-11 13:44:50] $area.vector
INFO [2022-08-11 13:44:50] c(length(overlap$a1), length(overlap$a2), length(overlap$a3))
INFO [2022-08-11 13:44:50] 
INFO [2022-08-11 13:44:50] $fill
INFO [2022-08-11 13:44:50] c("blue", "green")
INFO [2022-08-11 13:44:50] 
INFO [2022-08-11 13:44:50] $alpha
INFO [2022-08-11 13:44:50] [1] 0.3
INFO [2022-08-11 13:44:50] 
INFO [2022-08-11 13:44:50] $col
INFO [2022-08-11 13:44:50] c("blue", "green")
INFO [2022-08-11 13:44:50] 
INFO [2022-08-11 13:44:50] $lwd
INFO [2022-08-11 13:44:50] [1] 2
INFO [2022-08-11 13:44:50] 
INFO [2022-08-11 13:44:50] $height
INFO [2022-08-11 13:44:50] [1] 2000
INFO [2022-08-11 13:44:50] 
INFO [2022-08-11 13:44:50] $width
INFO [2022-08-11 13:44:50] [1] 2000
INFO [2022-08-11 13:44:50] 
INFO [2022-08-11 13:44:50] $margin
INFO [2022-08-11 13:44:50] [1] 0.31
INFO [2022-08-11 13:44:50] 
