INFO [2022-08-11 13:57:32] $x
INFO [2022-08-11 13:57:32] list(Inj = R1, Cont = R2)
INFO [2022-08-11 13:57:32] 
INFO [2022-08-11 13:57:32] $filename
INFO [2022-08-11 13:57:32] myfile2
INFO [2022-08-11 13:57:32] 
INFO [2022-08-11 13:57:32] $cex
INFO [2022-08-11 13:57:32] [1] 1
INFO [2022-08-11 13:57:32] 
INFO [2022-08-11 13:57:32] $label.col
INFO [2022-08-11 13:57:32] [1] "transparent"
INFO [2022-08-11 13:57:32] 
INFO [2022-08-11 13:57:32] $label.fontfamily
INFO [2022-08-11 13:57:32] [1] "sans"
INFO [2022-08-11 13:57:32] 
INFO [2022-08-11 13:57:32] $cat.cex
INFO [2022-08-11 13:57:32] [1] 1.1
INFO [2022-08-11 13:57:32] 
INFO [2022-08-11 13:57:32] $cat.col
INFO [2022-08-11 13:57:32] [1] "transparent"
INFO [2022-08-11 13:57:32] 
INFO [2022-08-11 13:57:32] $cat.just
INFO [2022-08-11 13:57:32] list(c(0.07, -4.5), c(0.7, -5))
INFO [2022-08-11 13:57:32] 
INFO [2022-08-11 13:57:32] $cat.default.pos
INFO [2022-08-11 13:57:32] [1] "outer"
INFO [2022-08-11 13:57:32] 
INFO [2022-08-11 13:57:32] $cat.fontfamily
INFO [2022-08-11 13:57:32] [1] "sans"
INFO [2022-08-11 13:57:32] 
INFO [2022-08-11 13:57:32] $print.mode
INFO [2022-08-11 13:57:32] [1] "raw"
INFO [2022-08-11 13:57:32] 
INFO [2022-08-11 13:57:32] $direct.area
INFO [2022-08-11 13:57:32] [1] TRUE
INFO [2022-08-11 13:57:32] 
INFO [2022-08-11 13:57:32] $area.vector
INFO [2022-08-11 13:57:32] c(length(overlap$a1), length(overlap$a2), length(overlap$a3))
INFO [2022-08-11 13:57:32] 
INFO [2022-08-11 13:57:32] $fill
INFO [2022-08-11 13:57:32] c("red", "blue")
INFO [2022-08-11 13:57:32] 
INFO [2022-08-11 13:57:32] $alpha
INFO [2022-08-11 13:57:32] [1] 0.3
INFO [2022-08-11 13:57:32] 
INFO [2022-08-11 13:57:32] $col
INFO [2022-08-11 13:57:32] c("red", "blue")
INFO [2022-08-11 13:57:32] 
INFO [2022-08-11 13:57:32] $lwd
INFO [2022-08-11 13:57:32] [1] 2
INFO [2022-08-11 13:57:32] 
INFO [2022-08-11 13:57:32] $height
INFO [2022-08-11 13:57:32] [1] 2000
INFO [2022-08-11 13:57:32] 
INFO [2022-08-11 13:57:32] $width
INFO [2022-08-11 13:57:32] [1] 2000
INFO [2022-08-11 13:57:32] 
INFO [2022-08-11 13:57:32] $margin
INFO [2022-08-11 13:57:32] [1] 0
INFO [2022-08-11 13:57:32] 
