INFO [2022-08-11 13:44:51] $x
INFO [2022-08-11 13:44:51] list(`20 min` = R1, `120 min` = R2)
INFO [2022-08-11 13:44:51] 
INFO [2022-08-11 13:44:51] $filename
INFO [2022-08-11 13:44:51] myfile2
INFO [2022-08-11 13:44:51] 
INFO [2022-08-11 13:44:51] $cex
INFO [2022-08-11 13:44:51] [1] 1
INFO [2022-08-11 13:44:51] 
INFO [2022-08-11 13:44:51] $label.col
INFO [2022-08-11 13:44:51] [1] "transparent"
INFO [2022-08-11 13:44:51] 
INFO [2022-08-11 13:44:51] $label.fontfamily
INFO [2022-08-11 13:44:51] [1] "sans"
INFO [2022-08-11 13:44:51] 
INFO [2022-08-11 13:44:51] $cat.cex
INFO [2022-08-11 13:44:51] [1] 1.1
INFO [2022-08-11 13:44:51] 
INFO [2022-08-11 13:44:51] $cat.col
INFO [2022-08-11 13:44:51] [1] "transparent"
INFO [2022-08-11 13:44:51] 
INFO [2022-08-11 13:44:51] $cat.just
INFO [2022-08-11 13:44:51] list(c(0.07, -4.5), c(0.7, -5))
INFO [2022-08-11 13:44:51] 
INFO [2022-08-11 13:44:51] $cat.default.pos
INFO [2022-08-11 13:44:51] [1] "outer"
INFO [2022-08-11 13:44:51] 
INFO [2022-08-11 13:44:51] $cat.fontfamily
INFO [2022-08-11 13:44:51] [1] "sans"
INFO [2022-08-11 13:44:51] 
INFO [2022-08-11 13:44:51] $print.mode
INFO [2022-08-11 13:44:51] [1] "raw"
INFO [2022-08-11 13:44:51] 
INFO [2022-08-11 13:44:51] $direct.area
INFO [2022-08-11 13:44:51] [1] TRUE
INFO [2022-08-11 13:44:51] 
INFO [2022-08-11 13:44:51] $area.vector
INFO [2022-08-11 13:44:51] c(length(overlap$a1), length(overlap$a2), length(overlap$a3))
INFO [2022-08-11 13:44:51] 
INFO [2022-08-11 13:44:51] $fill
INFO [2022-08-11 13:44:51] c("blue", "green")
INFO [2022-08-11 13:44:51] 
INFO [2022-08-11 13:44:51] $alpha
INFO [2022-08-11 13:44:51] [1] 0.3
INFO [2022-08-11 13:44:51] 
INFO [2022-08-11 13:44:51] $col
INFO [2022-08-11 13:44:51] c("blue", "green")
INFO [2022-08-11 13:44:51] 
INFO [2022-08-11 13:44:51] $lwd
INFO [2022-08-11 13:44:51] [1] 2
INFO [2022-08-11 13:44:51] 
INFO [2022-08-11 13:44:51] $height
INFO [2022-08-11 13:44:51] [1] 2000
INFO [2022-08-11 13:44:51] 
INFO [2022-08-11 13:44:51] $width
INFO [2022-08-11 13:44:51] [1] 2000
INFO [2022-08-11 13:44:51] 
INFO [2022-08-11 13:44:51] $margin
INFO [2022-08-11 13:44:51] [1] 0
INFO [2022-08-11 13:44:51] 
