INFO [2022-05-17 15:12:38] $x
INFO [2022-05-17 15:12:38] list(`Version 15` = R1, `Version 16` = R2)
INFO [2022-05-17 15:12:38] 
INFO [2022-05-17 15:12:38] $filename
INFO [2022-05-17 15:12:38] myfile1
INFO [2022-05-17 15:12:38] 
INFO [2022-05-17 15:12:38] $main
INFO [2022-05-17 15:12:38] [1] "UniProtID"
INFO [2022-05-17 15:12:38] 
INFO [2022-05-17 15:12:38] $main.fontface
INFO [2022-05-17 15:12:38] [1] "bold"
INFO [2022-05-17 15:12:38] 
INFO [2022-05-17 15:12:38] $main.fontfamily
INFO [2022-05-17 15:12:38] [1] "sans"
INFO [2022-05-17 15:12:38] 
INFO [2022-05-17 15:12:38] $main.cex
INFO [2022-05-17 15:12:38] [1] 1.6
INFO [2022-05-17 15:12:38] 
INFO [2022-05-17 15:12:38] $main.pos
INFO [2022-05-17 15:12:38] c(0.5, 0.8)
INFO [2022-05-17 15:12:38] 
INFO [2022-05-17 15:12:38] $cex
INFO [2022-05-17 15:12:38] [1] 1
INFO [2022-05-17 15:12:38] 
INFO [2022-05-17 15:12:38] $label.col
INFO [2022-05-17 15:12:38] [1] "grey9"
INFO [2022-05-17 15:12:38] 
INFO [2022-05-17 15:12:38] $label.fontfamily
INFO [2022-05-17 15:12:38] [1] "sans"
INFO [2022-05-17 15:12:38] 
INFO [2022-05-17 15:12:38] $cat.cex
INFO [2022-05-17 15:12:38] [1] 1.1
INFO [2022-05-17 15:12:38] 
INFO [2022-05-17 15:12:38] $cat.col
INFO [2022-05-17 15:12:38] c("brown", "#4f79a4")
INFO [2022-05-17 15:12:38] 
INFO [2022-05-17 15:12:38] $cat.just
INFO [2022-05-17 15:12:38] list(c(0.07, -4.5), c(0.7, -5))
INFO [2022-05-17 15:12:38] 
INFO [2022-05-17 15:12:38] $cat.default.pos
INFO [2022-05-17 15:12:38] [1] "outer"
INFO [2022-05-17 15:12:38] 
INFO [2022-05-17 15:12:38] $cat.fontfamily
INFO [2022-05-17 15:12:38] [1] "sans"
INFO [2022-05-17 15:12:38] 
INFO [2022-05-17 15:12:38] $print.mode
INFO [2022-05-17 15:12:38] [1] "raw"
INFO [2022-05-17 15:12:38] 
INFO [2022-05-17 15:12:38] $direct.area
INFO [2022-05-17 15:12:38] [1] TRUE
INFO [2022-05-17 15:12:38] 
INFO [2022-05-17 15:12:38] $area.vector
INFO [2022-05-17 15:12:38] c(length(overlap$a1), length(overlap$a2), length(overlap$a3))
INFO [2022-05-17 15:12:38] 
INFO [2022-05-17 15:12:38] $fill
INFO [2022-05-17 15:12:38] c("brown", "#4f79a4")
INFO [2022-05-17 15:12:38] 
INFO [2022-05-17 15:12:38] $alpha
INFO [2022-05-17 15:12:38] [1] 0.3
INFO [2022-05-17 15:12:38] 
INFO [2022-05-17 15:12:38] $col
INFO [2022-05-17 15:12:38] c("brown", "#4f79a4")
INFO [2022-05-17 15:12:38] 
INFO [2022-05-17 15:12:38] $lwd
INFO [2022-05-17 15:12:38] [1] 2
INFO [2022-05-17 15:12:38] 
INFO [2022-05-17 15:12:38] $height
INFO [2022-05-17 15:12:38] [1] 2000
INFO [2022-05-17 15:12:38] 
INFO [2022-05-17 15:12:38] $width
INFO [2022-05-17 15:12:38] [1] 2000
INFO [2022-05-17 15:12:38] 
INFO [2022-05-17 15:12:38] $margin
INFO [2022-05-17 15:12:38] [1] 0.31
INFO [2022-05-17 15:12:38] 
