INFO [2022-05-18 14:20:49] $x
INFO [2022-05-18 14:20:49] list(`Version 15` = R1, `Version 16` = R2)
INFO [2022-05-18 14:20:49] 
INFO [2022-05-18 14:20:49] $filename
INFO [2022-05-18 14:20:49] myfile1
INFO [2022-05-18 14:20:49] 
INFO [2022-05-18 14:20:49] $main
INFO [2022-05-18 14:20:49] [1] "UniProtID"
INFO [2022-05-18 14:20:49] 
INFO [2022-05-18 14:20:49] $main.fontface
INFO [2022-05-18 14:20:49] [1] "bold"
INFO [2022-05-18 14:20:49] 
INFO [2022-05-18 14:20:49] $main.fontfamily
INFO [2022-05-18 14:20:49] [1] "sans"
INFO [2022-05-18 14:20:49] 
INFO [2022-05-18 14:20:49] $main.cex
INFO [2022-05-18 14:20:49] [1] 1.6
INFO [2022-05-18 14:20:49] 
INFO [2022-05-18 14:20:49] $main.pos
INFO [2022-05-18 14:20:49] c(0.5, 0.8)
INFO [2022-05-18 14:20:49] 
INFO [2022-05-18 14:20:49] $cex
INFO [2022-05-18 14:20:49] [1] 1
INFO [2022-05-18 14:20:49] 
INFO [2022-05-18 14:20:49] $label.col
INFO [2022-05-18 14:20:49] [1] "grey9"
INFO [2022-05-18 14:20:49] 
INFO [2022-05-18 14:20:49] $label.fontfamily
INFO [2022-05-18 14:20:49] [1] "sans"
INFO [2022-05-18 14:20:49] 
INFO [2022-05-18 14:20:49] $cat.cex
INFO [2022-05-18 14:20:49] [1] 1.1
INFO [2022-05-18 14:20:49] 
INFO [2022-05-18 14:20:49] $cat.col
INFO [2022-05-18 14:20:49] c("brown", "#4f79a4")
INFO [2022-05-18 14:20:49] 
INFO [2022-05-18 14:20:49] $cat.just
INFO [2022-05-18 14:20:49] list(c(0.07, -4.5), c(0.7, -5))
INFO [2022-05-18 14:20:49] 
INFO [2022-05-18 14:20:49] $cat.default.pos
INFO [2022-05-18 14:20:49] [1] "outer"
INFO [2022-05-18 14:20:49] 
INFO [2022-05-18 14:20:49] $cat.fontfamily
INFO [2022-05-18 14:20:49] [1] "sans"
INFO [2022-05-18 14:20:49] 
INFO [2022-05-18 14:20:49] $print.mode
INFO [2022-05-18 14:20:49] [1] "raw"
INFO [2022-05-18 14:20:49] 
INFO [2022-05-18 14:20:49] $direct.area
INFO [2022-05-18 14:20:49] [1] TRUE
INFO [2022-05-18 14:20:49] 
INFO [2022-05-18 14:20:49] $area.vector
INFO [2022-05-18 14:20:49] c(length(overlap$a1), length(overlap$a2), length(overlap$a3))
INFO [2022-05-18 14:20:49] 
INFO [2022-05-18 14:20:49] $fill
INFO [2022-05-18 14:20:49] c("brown", "#4f79a4")
INFO [2022-05-18 14:20:49] 
INFO [2022-05-18 14:20:49] $alpha
INFO [2022-05-18 14:20:49] [1] 0.3
INFO [2022-05-18 14:20:49] 
INFO [2022-05-18 14:20:49] $col
INFO [2022-05-18 14:20:49] c("brown", "#4f79a4")
INFO [2022-05-18 14:20:49] 
INFO [2022-05-18 14:20:49] $lwd
INFO [2022-05-18 14:20:49] [1] 2
INFO [2022-05-18 14:20:49] 
INFO [2022-05-18 14:20:49] $height
INFO [2022-05-18 14:20:49] [1] 2000
INFO [2022-05-18 14:20:49] 
INFO [2022-05-18 14:20:49] $width
INFO [2022-05-18 14:20:49] [1] 2000
INFO [2022-05-18 14:20:49] 
INFO [2022-05-18 14:20:49] $margin
INFO [2022-05-18 14:20:49] [1] 0.31
INFO [2022-05-18 14:20:49] 
