INFO [2022-05-20 10:36:56] $x
INFO [2022-05-20 10:36:56] list(`Version 15` = R1, `Version 16` = R2)
INFO [2022-05-20 10:36:56] 
INFO [2022-05-20 10:36:56] $filename
INFO [2022-05-20 10:36:56] myfile1
INFO [2022-05-20 10:36:56] 
INFO [2022-05-20 10:36:56] $main
INFO [2022-05-20 10:36:56] [1] "UniProtID"
INFO [2022-05-20 10:36:56] 
INFO [2022-05-20 10:36:56] $main.fontface
INFO [2022-05-20 10:36:56] [1] "bold"
INFO [2022-05-20 10:36:56] 
INFO [2022-05-20 10:36:56] $main.fontfamily
INFO [2022-05-20 10:36:56] [1] "sans"
INFO [2022-05-20 10:36:56] 
INFO [2022-05-20 10:36:56] $main.cex
INFO [2022-05-20 10:36:56] [1] 1.6
INFO [2022-05-20 10:36:56] 
INFO [2022-05-20 10:36:56] $main.pos
INFO [2022-05-20 10:36:56] c(0.5, 0.8)
INFO [2022-05-20 10:36:56] 
INFO [2022-05-20 10:36:56] $cex
INFO [2022-05-20 10:36:56] [1] 1
INFO [2022-05-20 10:36:56] 
INFO [2022-05-20 10:36:56] $label.col
INFO [2022-05-20 10:36:56] [1] "grey9"
INFO [2022-05-20 10:36:56] 
INFO [2022-05-20 10:36:56] $label.fontfamily
INFO [2022-05-20 10:36:56] [1] "sans"
INFO [2022-05-20 10:36:56] 
INFO [2022-05-20 10:36:56] $cat.cex
INFO [2022-05-20 10:36:56] [1] 1.1
INFO [2022-05-20 10:36:56] 
INFO [2022-05-20 10:36:56] $cat.col
INFO [2022-05-20 10:36:56] c("brown", "#4f79a4")
INFO [2022-05-20 10:36:56] 
INFO [2022-05-20 10:36:56] $cat.just
INFO [2022-05-20 10:36:56] list(c(0.07, -4.5), c(0.7, -5))
INFO [2022-05-20 10:36:56] 
INFO [2022-05-20 10:36:56] $cat.default.pos
INFO [2022-05-20 10:36:56] [1] "outer"
INFO [2022-05-20 10:36:56] 
INFO [2022-05-20 10:36:56] $cat.fontfamily
INFO [2022-05-20 10:36:56] [1] "sans"
INFO [2022-05-20 10:36:56] 
INFO [2022-05-20 10:36:56] $print.mode
INFO [2022-05-20 10:36:56] [1] "raw"
INFO [2022-05-20 10:36:56] 
INFO [2022-05-20 10:36:56] $direct.area
INFO [2022-05-20 10:36:56] [1] TRUE
INFO [2022-05-20 10:36:56] 
INFO [2022-05-20 10:36:56] $area.vector
INFO [2022-05-20 10:36:56] c(length(overlap$a1), length(overlap$a2), length(overlap$a3))
INFO [2022-05-20 10:36:56] 
INFO [2022-05-20 10:36:56] $fill
INFO [2022-05-20 10:36:56] c("brown", "#4f79a4")
INFO [2022-05-20 10:36:56] 
INFO [2022-05-20 10:36:56] $alpha
INFO [2022-05-20 10:36:56] [1] 0.3
INFO [2022-05-20 10:36:56] 
INFO [2022-05-20 10:36:56] $col
INFO [2022-05-20 10:36:56] c("brown", "#4f79a4")
INFO [2022-05-20 10:36:56] 
INFO [2022-05-20 10:36:56] $lwd
INFO [2022-05-20 10:36:56] [1] 2
INFO [2022-05-20 10:36:56] 
INFO [2022-05-20 10:36:56] $height
INFO [2022-05-20 10:36:56] [1] 2000
INFO [2022-05-20 10:36:56] 
INFO [2022-05-20 10:36:56] $width
INFO [2022-05-20 10:36:56] [1] 2000
INFO [2022-05-20 10:36:56] 
INFO [2022-05-20 10:36:56] $margin
INFO [2022-05-20 10:36:56] [1] 0.31
INFO [2022-05-20 10:36:56] 
