INFO [2022-05-18 14:20:48] $x
INFO [2022-05-18 14:20:48] list(`Version 15` = R1, `Version 16` = R2)
INFO [2022-05-18 14:20:48] 
INFO [2022-05-18 14:20:48] $filename
INFO [2022-05-18 14:20:48] myfile1
INFO [2022-05-18 14:20:48] 
INFO [2022-05-18 14:20:48] $main
INFO [2022-05-18 14:20:48] [1] "UniProtID"
INFO [2022-05-18 14:20:48] 
INFO [2022-05-18 14:20:48] $main.fontface
INFO [2022-05-18 14:20:48] [1] "bold"
INFO [2022-05-18 14:20:48] 
INFO [2022-05-18 14:20:48] $main.fontfamily
INFO [2022-05-18 14:20:48] [1] "sans"
INFO [2022-05-18 14:20:48] 
INFO [2022-05-18 14:20:48] $main.cex
INFO [2022-05-18 14:20:48] [1] 1.6
INFO [2022-05-18 14:20:48] 
INFO [2022-05-18 14:20:48] $main.pos
INFO [2022-05-18 14:20:48] c(0.5, 0.8)
INFO [2022-05-18 14:20:48] 
INFO [2022-05-18 14:20:48] $cex
INFO [2022-05-18 14:20:48] [1] 1
INFO [2022-05-18 14:20:48] 
INFO [2022-05-18 14:20:48] $label.col
INFO [2022-05-18 14:20:48] [1] "grey9"
INFO [2022-05-18 14:20:48] 
INFO [2022-05-18 14:20:48] $label.fontfamily
INFO [2022-05-18 14:20:48] [1] "sans"
INFO [2022-05-18 14:20:48] 
INFO [2022-05-18 14:20:48] $cat.cex
INFO [2022-05-18 14:20:48] [1] 1.1
INFO [2022-05-18 14:20:48] 
INFO [2022-05-18 14:20:48] $cat.col
INFO [2022-05-18 14:20:48] c("brown", "#4f79a4")
INFO [2022-05-18 14:20:48] 
INFO [2022-05-18 14:20:48] $cat.just
INFO [2022-05-18 14:20:48] list(c(0.07, -4.5), c(0.7, -5))
INFO [2022-05-18 14:20:48] 
INFO [2022-05-18 14:20:48] $cat.default.pos
INFO [2022-05-18 14:20:48] [1] "outer"
INFO [2022-05-18 14:20:48] 
INFO [2022-05-18 14:20:48] $cat.fontfamily
INFO [2022-05-18 14:20:48] [1] "sans"
INFO [2022-05-18 14:20:48] 
INFO [2022-05-18 14:20:48] $print.mode
INFO [2022-05-18 14:20:48] [1] "raw"
INFO [2022-05-18 14:20:48] 
INFO [2022-05-18 14:20:48] $direct.area
INFO [2022-05-18 14:20:48] [1] TRUE
INFO [2022-05-18 14:20:48] 
INFO [2022-05-18 14:20:48] $area.vector
INFO [2022-05-18 14:20:48] c(length(overlap$a1), length(overlap$a2), length(overlap$a3))
INFO [2022-05-18 14:20:48] 
INFO [2022-05-18 14:20:48] $fill
INFO [2022-05-18 14:20:48] c("brown", "#4f79a4")
INFO [2022-05-18 14:20:48] 
INFO [2022-05-18 14:20:48] $alpha
INFO [2022-05-18 14:20:48] [1] 0.3
INFO [2022-05-18 14:20:48] 
INFO [2022-05-18 14:20:48] $col
INFO [2022-05-18 14:20:48] c("brown", "#4f79a4")
INFO [2022-05-18 14:20:48] 
INFO [2022-05-18 14:20:48] $lwd
INFO [2022-05-18 14:20:48] [1] 2
INFO [2022-05-18 14:20:48] 
INFO [2022-05-18 14:20:48] $height
INFO [2022-05-18 14:20:48] [1] 2000
INFO [2022-05-18 14:20:48] 
INFO [2022-05-18 14:20:48] $width
INFO [2022-05-18 14:20:48] [1] 2000
INFO [2022-05-18 14:20:48] 
INFO [2022-05-18 14:20:48] $margin
INFO [2022-05-18 14:20:48] [1] 0.31
INFO [2022-05-18 14:20:48] 
