INFO [2022-05-18 14:17:34] $x
INFO [2022-05-18 14:17:34] list(`Version 15` = R1, `Version 16` = R2)
INFO [2022-05-18 14:17:34] 
INFO [2022-05-18 14:17:34] $filename
INFO [2022-05-18 14:17:34] myfile1
INFO [2022-05-18 14:17:34] 
INFO [2022-05-18 14:17:34] $main
INFO [2022-05-18 14:17:34] [1] "UniProtID"
INFO [2022-05-18 14:17:34] 
INFO [2022-05-18 14:17:34] $main.fontface
INFO [2022-05-18 14:17:34] [1] "bold"
INFO [2022-05-18 14:17:34] 
INFO [2022-05-18 14:17:34] $main.fontfamily
INFO [2022-05-18 14:17:34] [1] "sans"
INFO [2022-05-18 14:17:34] 
INFO [2022-05-18 14:17:34] $main.cex
INFO [2022-05-18 14:17:34] [1] 1.6
INFO [2022-05-18 14:17:34] 
INFO [2022-05-18 14:17:34] $main.pos
INFO [2022-05-18 14:17:34] c(0.5, 0.8)
INFO [2022-05-18 14:17:34] 
INFO [2022-05-18 14:17:34] $cex
INFO [2022-05-18 14:17:34] [1] 1
INFO [2022-05-18 14:17:34] 
INFO [2022-05-18 14:17:34] $label.col
INFO [2022-05-18 14:17:34] [1] "grey9"
INFO [2022-05-18 14:17:34] 
INFO [2022-05-18 14:17:34] $label.fontfamily
INFO [2022-05-18 14:17:34] [1] "sans"
INFO [2022-05-18 14:17:34] 
INFO [2022-05-18 14:17:34] $cat.cex
INFO [2022-05-18 14:17:34] [1] 1.1
INFO [2022-05-18 14:17:34] 
INFO [2022-05-18 14:17:34] $cat.col
INFO [2022-05-18 14:17:34] c("brown", "#4f79a4")
INFO [2022-05-18 14:17:34] 
INFO [2022-05-18 14:17:34] $cat.just
INFO [2022-05-18 14:17:34] list(c(0.07, -4.5), c(0.7, -5))
INFO [2022-05-18 14:17:34] 
INFO [2022-05-18 14:17:34] $cat.default.pos
INFO [2022-05-18 14:17:34] [1] "outer"
INFO [2022-05-18 14:17:34] 
INFO [2022-05-18 14:17:34] $cat.fontfamily
INFO [2022-05-18 14:17:34] [1] "sans"
INFO [2022-05-18 14:17:34] 
INFO [2022-05-18 14:17:34] $print.mode
INFO [2022-05-18 14:17:34] [1] "raw"
INFO [2022-05-18 14:17:34] 
INFO [2022-05-18 14:17:34] $direct.area
INFO [2022-05-18 14:17:34] [1] TRUE
INFO [2022-05-18 14:17:34] 
INFO [2022-05-18 14:17:34] $area.vector
INFO [2022-05-18 14:17:34] c(length(overlap$a1), length(overlap$a2), length(overlap$a3))
INFO [2022-05-18 14:17:34] 
INFO [2022-05-18 14:17:34] $fill
INFO [2022-05-18 14:17:34] c("brown", "#4f79a4")
INFO [2022-05-18 14:17:34] 
INFO [2022-05-18 14:17:34] $alpha
INFO [2022-05-18 14:17:34] [1] 0.3
INFO [2022-05-18 14:17:34] 
INFO [2022-05-18 14:17:34] $col
INFO [2022-05-18 14:17:34] c("brown", "#4f79a4")
INFO [2022-05-18 14:17:34] 
INFO [2022-05-18 14:17:34] $lwd
INFO [2022-05-18 14:17:34] [1] 2
INFO [2022-05-18 14:17:34] 
INFO [2022-05-18 14:17:34] $height
INFO [2022-05-18 14:17:34] [1] 2000
INFO [2022-05-18 14:17:34] 
INFO [2022-05-18 14:17:34] $width
INFO [2022-05-18 14:17:34] [1] 2000
INFO [2022-05-18 14:17:34] 
INFO [2022-05-18 14:17:34] $margin
INFO [2022-05-18 14:17:34] [1] 0.31
INFO [2022-05-18 14:17:34] 
