INFO [2022-05-20 10:36:57] $x
INFO [2022-05-20 10:36:57] list(`Version 15` = R1, `Version 16` = R2)
INFO [2022-05-20 10:36:57] 
INFO [2022-05-20 10:36:57] $filename
INFO [2022-05-20 10:36:57] myfile2
INFO [2022-05-20 10:36:57] 
INFO [2022-05-20 10:36:57] $cex
INFO [2022-05-20 10:36:57] [1] 1
INFO [2022-05-20 10:36:57] 
INFO [2022-05-20 10:36:57] $label.col
INFO [2022-05-20 10:36:57] [1] "transparent"
INFO [2022-05-20 10:36:57] 
INFO [2022-05-20 10:36:57] $label.fontfamily
INFO [2022-05-20 10:36:57] [1] "sans"
INFO [2022-05-20 10:36:57] 
INFO [2022-05-20 10:36:57] $cat.cex
INFO [2022-05-20 10:36:57] [1] 1.1
INFO [2022-05-20 10:36:57] 
INFO [2022-05-20 10:36:57] $cat.col
INFO [2022-05-20 10:36:57] [1] "transparent"
INFO [2022-05-20 10:36:57] 
INFO [2022-05-20 10:36:57] $cat.just
INFO [2022-05-20 10:36:57] list(c(0.07, -4.5), c(0.7, -5))
INFO [2022-05-20 10:36:57] 
INFO [2022-05-20 10:36:57] $cat.default.pos
INFO [2022-05-20 10:36:57] [1] "outer"
INFO [2022-05-20 10:36:57] 
INFO [2022-05-20 10:36:57] $cat.fontfamily
INFO [2022-05-20 10:36:57] [1] "sans"
INFO [2022-05-20 10:36:57] 
INFO [2022-05-20 10:36:57] $print.mode
INFO [2022-05-20 10:36:57] [1] "raw"
INFO [2022-05-20 10:36:57] 
INFO [2022-05-20 10:36:57] $direct.area
INFO [2022-05-20 10:36:57] [1] TRUE
INFO [2022-05-20 10:36:57] 
INFO [2022-05-20 10:36:57] $area.vector
INFO [2022-05-20 10:36:57] c(length(overlap$a1), length(overlap$a2), length(overlap$a3))
INFO [2022-05-20 10:36:57] 
INFO [2022-05-20 10:36:57] $fill
INFO [2022-05-20 10:36:57] c("brown", "#4f79a4")
INFO [2022-05-20 10:36:57] 
INFO [2022-05-20 10:36:57] $alpha
INFO [2022-05-20 10:36:57] [1] 0.3
INFO [2022-05-20 10:36:57] 
INFO [2022-05-20 10:36:57] $col
INFO [2022-05-20 10:36:57] c("brown", "#4f79a4")
INFO [2022-05-20 10:36:57] 
INFO [2022-05-20 10:36:57] $lwd
INFO [2022-05-20 10:36:57] [1] 2
INFO [2022-05-20 10:36:57] 
INFO [2022-05-20 10:36:57] $height
INFO [2022-05-20 10:36:57] [1] 2000
INFO [2022-05-20 10:36:57] 
INFO [2022-05-20 10:36:57] $width
INFO [2022-05-20 10:36:57] [1] 2000
INFO [2022-05-20 10:36:57] 
INFO [2022-05-20 10:36:57] $margin
INFO [2022-05-20 10:36:57] [1] 0
INFO [2022-05-20 10:36:57] 
