INFO [2022-05-17 15:12:39] $x
INFO [2022-05-17 15:12:39] list(`Version 15` = R1, `Version 16` = R2)
INFO [2022-05-17 15:12:39] 
INFO [2022-05-17 15:12:39] $filename
INFO [2022-05-17 15:12:39] myfile2
INFO [2022-05-17 15:12:39] 
INFO [2022-05-17 15:12:39] $cex
INFO [2022-05-17 15:12:39] [1] 1
INFO [2022-05-17 15:12:39] 
INFO [2022-05-17 15:12:39] $label.col
INFO [2022-05-17 15:12:39] [1] "transparent"
INFO [2022-05-17 15:12:39] 
INFO [2022-05-17 15:12:39] $label.fontfamily
INFO [2022-05-17 15:12:39] [1] "sans"
INFO [2022-05-17 15:12:39] 
INFO [2022-05-17 15:12:39] $cat.cex
INFO [2022-05-17 15:12:39] [1] 1.1
INFO [2022-05-17 15:12:39] 
INFO [2022-05-17 15:12:39] $cat.col
INFO [2022-05-17 15:12:39] [1] "transparent"
INFO [2022-05-17 15:12:39] 
INFO [2022-05-17 15:12:39] $cat.just
INFO [2022-05-17 15:12:39] list(c(0.07, -4.5), c(0.7, -5))
INFO [2022-05-17 15:12:39] 
INFO [2022-05-17 15:12:39] $cat.default.pos
INFO [2022-05-17 15:12:39] [1] "outer"
INFO [2022-05-17 15:12:39] 
INFO [2022-05-17 15:12:39] $cat.fontfamily
INFO [2022-05-17 15:12:39] [1] "sans"
INFO [2022-05-17 15:12:39] 
INFO [2022-05-17 15:12:39] $print.mode
INFO [2022-05-17 15:12:39] [1] "raw"
INFO [2022-05-17 15:12:39] 
INFO [2022-05-17 15:12:39] $direct.area
INFO [2022-05-17 15:12:39] [1] TRUE
INFO [2022-05-17 15:12:39] 
INFO [2022-05-17 15:12:39] $area.vector
INFO [2022-05-17 15:12:39] c(length(overlap$a1), length(overlap$a2), length(overlap$a3))
INFO [2022-05-17 15:12:39] 
INFO [2022-05-17 15:12:39] $fill
INFO [2022-05-17 15:12:39] c("brown", "#4f79a4")
INFO [2022-05-17 15:12:39] 
INFO [2022-05-17 15:12:39] $alpha
INFO [2022-05-17 15:12:39] [1] 0.3
INFO [2022-05-17 15:12:39] 
INFO [2022-05-17 15:12:39] $col
INFO [2022-05-17 15:12:39] c("brown", "#4f79a4")
INFO [2022-05-17 15:12:39] 
INFO [2022-05-17 15:12:39] $lwd
INFO [2022-05-17 15:12:39] [1] 2
INFO [2022-05-17 15:12:39] 
INFO [2022-05-17 15:12:39] $height
INFO [2022-05-17 15:12:39] [1] 2000
INFO [2022-05-17 15:12:39] 
INFO [2022-05-17 15:12:39] $width
INFO [2022-05-17 15:12:39] [1] 2000
INFO [2022-05-17 15:12:39] 
INFO [2022-05-17 15:12:39] $margin
INFO [2022-05-17 15:12:39] [1] 0
INFO [2022-05-17 15:12:39] 
