INFO [2022-05-20 10:36:55] $x
INFO [2022-05-20 10:36:55] list(`Version 15` = R1, `Version 16` = R2)
INFO [2022-05-20 10:36:55] 
INFO [2022-05-20 10:36:55] $filename
INFO [2022-05-20 10:36:55] myfile2
INFO [2022-05-20 10:36:55] 
INFO [2022-05-20 10:36:55] $cex
INFO [2022-05-20 10:36:55] [1] 1
INFO [2022-05-20 10:36:55] 
INFO [2022-05-20 10:36:55] $label.col
INFO [2022-05-20 10:36:55] [1] "transparent"
INFO [2022-05-20 10:36:55] 
INFO [2022-05-20 10:36:55] $label.fontfamily
INFO [2022-05-20 10:36:55] [1] "sans"
INFO [2022-05-20 10:36:55] 
INFO [2022-05-20 10:36:55] $cat.cex
INFO [2022-05-20 10:36:55] [1] 1.1
INFO [2022-05-20 10:36:55] 
INFO [2022-05-20 10:36:55] $cat.col
INFO [2022-05-20 10:36:55] [1] "transparent"
INFO [2022-05-20 10:36:55] 
INFO [2022-05-20 10:36:55] $cat.just
INFO [2022-05-20 10:36:55] list(c(0.07, -4.5), c(0.7, -5))
INFO [2022-05-20 10:36:55] 
INFO [2022-05-20 10:36:55] $cat.default.pos
INFO [2022-05-20 10:36:55] [1] "outer"
INFO [2022-05-20 10:36:55] 
INFO [2022-05-20 10:36:55] $cat.fontfamily
INFO [2022-05-20 10:36:55] [1] "sans"
INFO [2022-05-20 10:36:55] 
INFO [2022-05-20 10:36:55] $print.mode
INFO [2022-05-20 10:36:55] [1] "raw"
INFO [2022-05-20 10:36:55] 
INFO [2022-05-20 10:36:55] $direct.area
INFO [2022-05-20 10:36:55] [1] TRUE
INFO [2022-05-20 10:36:55] 
INFO [2022-05-20 10:36:55] $area.vector
INFO [2022-05-20 10:36:55] c(length(overlap$a1), length(overlap$a2), length(overlap$a3))
INFO [2022-05-20 10:36:55] 
INFO [2022-05-20 10:36:55] $fill
INFO [2022-05-20 10:36:55] c("brown", "#4f79a4")
INFO [2022-05-20 10:36:55] 
INFO [2022-05-20 10:36:55] $alpha
INFO [2022-05-20 10:36:55] [1] 0.3
INFO [2022-05-20 10:36:55] 
INFO [2022-05-20 10:36:55] $col
INFO [2022-05-20 10:36:55] c("brown", "#4f79a4")
INFO [2022-05-20 10:36:55] 
INFO [2022-05-20 10:36:55] $lwd
INFO [2022-05-20 10:36:55] [1] 2
INFO [2022-05-20 10:36:55] 
INFO [2022-05-20 10:36:55] $height
INFO [2022-05-20 10:36:55] [1] 2000
INFO [2022-05-20 10:36:55] 
INFO [2022-05-20 10:36:55] $width
INFO [2022-05-20 10:36:55] [1] 2000
INFO [2022-05-20 10:36:55] 
INFO [2022-05-20 10:36:55] $margin
INFO [2022-05-20 10:36:55] [1] 0
INFO [2022-05-20 10:36:55] 
