INFO [2022-08-11 13:05:16] $x
INFO [2022-08-11 13:05:16] list(`20 min` = R1, `120 min` = R2)
INFO [2022-08-11 13:05:16] 
INFO [2022-08-11 13:05:16] $filename
INFO [2022-08-11 13:05:16] myfile1
INFO [2022-08-11 13:05:16] 
INFO [2022-08-11 13:05:16] $main
INFO [2022-08-11 13:05:16] [1] "UniProtID"
INFO [2022-08-11 13:05:16] 
INFO [2022-08-11 13:05:16] $main.fontface
INFO [2022-08-11 13:05:16] [1] "bold"
INFO [2022-08-11 13:05:16] 
INFO [2022-08-11 13:05:16] $main.fontfamily
INFO [2022-08-11 13:05:16] [1] "sans"
INFO [2022-08-11 13:05:16] 
INFO [2022-08-11 13:05:16] $main.cex
INFO [2022-08-11 13:05:16] [1] 1.6
INFO [2022-08-11 13:05:16] 
INFO [2022-08-11 13:05:16] $main.pos
INFO [2022-08-11 13:05:16] c(0.5, 0.8)
INFO [2022-08-11 13:05:16] 
INFO [2022-08-11 13:05:16] $cex
INFO [2022-08-11 13:05:16] [1] 1
INFO [2022-08-11 13:05:16] 
INFO [2022-08-11 13:05:16] $label.col
INFO [2022-08-11 13:05:16] [1] "grey9"
INFO [2022-08-11 13:05:16] 
INFO [2022-08-11 13:05:16] $label.fontfamily
INFO [2022-08-11 13:05:16] [1] "sans"
INFO [2022-08-11 13:05:16] 
INFO [2022-08-11 13:05:16] $cat.cex
INFO [2022-08-11 13:05:16] [1] 1.1
INFO [2022-08-11 13:05:16] 
INFO [2022-08-11 13:05:16] $cat.col
INFO [2022-08-11 13:05:16] c("blue", "green")
INFO [2022-08-11 13:05:16] 
INFO [2022-08-11 13:05:16] $cat.just
INFO [2022-08-11 13:05:16] list(c(0.07, -4.5), c(0.7, -5))
INFO [2022-08-11 13:05:16] 
INFO [2022-08-11 13:05:16] $cat.default.pos
INFO [2022-08-11 13:05:16] [1] "outer"
INFO [2022-08-11 13:05:16] 
INFO [2022-08-11 13:05:16] $cat.fontfamily
INFO [2022-08-11 13:05:16] [1] "sans"
INFO [2022-08-11 13:05:16] 
INFO [2022-08-11 13:05:16] $print.mode
INFO [2022-08-11 13:05:16] [1] "raw"
INFO [2022-08-11 13:05:16] 
INFO [2022-08-11 13:05:16] $direct.area
INFO [2022-08-11 13:05:16] [1] TRUE
INFO [2022-08-11 13:05:16] 
INFO [2022-08-11 13:05:16] $area.vector
INFO [2022-08-11 13:05:16] c(length(overlap$a1), length(overlap$a2), length(overlap$a3))
INFO [2022-08-11 13:05:16] 
INFO [2022-08-11 13:05:16] $fill
INFO [2022-08-11 13:05:16] c("blue", "green")
INFO [2022-08-11 13:05:16] 
INFO [2022-08-11 13:05:16] $alpha
INFO [2022-08-11 13:05:16] [1] 0.3
INFO [2022-08-11 13:05:16] 
INFO [2022-08-11 13:05:16] $col
INFO [2022-08-11 13:05:16] c("blue", "green")
INFO [2022-08-11 13:05:16] 
INFO [2022-08-11 13:05:16] $lwd
INFO [2022-08-11 13:05:16] [1] 2
INFO [2022-08-11 13:05:16] 
INFO [2022-08-11 13:05:16] $height
INFO [2022-08-11 13:05:16] [1] 2000
INFO [2022-08-11 13:05:16] 
INFO [2022-08-11 13:05:16] $width
INFO [2022-08-11 13:05:16] [1] 2000
INFO [2022-08-11 13:05:16] 
INFO [2022-08-11 13:05:16] $margin
INFO [2022-08-11 13:05:16] [1] 0.31
INFO [2022-08-11 13:05:16] 
