INFO [2022-08-11 13:06:04] $x
INFO [2022-08-11 13:06:04] list(`20 min` = R1, `120 min` = R2)
INFO [2022-08-11 13:06:04] 
INFO [2022-08-11 13:06:04] $filename
INFO [2022-08-11 13:06:04] myfile1
INFO [2022-08-11 13:06:04] 
INFO [2022-08-11 13:06:04] $main
INFO [2022-08-11 13:06:04] [1] "UniProtID"
INFO [2022-08-11 13:06:04] 
INFO [2022-08-11 13:06:04] $main.fontface
INFO [2022-08-11 13:06:04] [1] "bold"
INFO [2022-08-11 13:06:04] 
INFO [2022-08-11 13:06:04] $main.fontfamily
INFO [2022-08-11 13:06:04] [1] "sans"
INFO [2022-08-11 13:06:04] 
INFO [2022-08-11 13:06:04] $main.cex
INFO [2022-08-11 13:06:04] [1] 1.6
INFO [2022-08-11 13:06:04] 
INFO [2022-08-11 13:06:04] $main.pos
INFO [2022-08-11 13:06:04] c(0.5, 0.8)
INFO [2022-08-11 13:06:04] 
INFO [2022-08-11 13:06:04] $cex
INFO [2022-08-11 13:06:04] [1] 1
INFO [2022-08-11 13:06:04] 
INFO [2022-08-11 13:06:04] $label.col
INFO [2022-08-11 13:06:04] [1] "grey9"
INFO [2022-08-11 13:06:04] 
INFO [2022-08-11 13:06:04] $label.fontfamily
INFO [2022-08-11 13:06:04] [1] "sans"
INFO [2022-08-11 13:06:04] 
INFO [2022-08-11 13:06:04] $cat.cex
INFO [2022-08-11 13:06:04] [1] 1.1
INFO [2022-08-11 13:06:04] 
INFO [2022-08-11 13:06:04] $cat.col
INFO [2022-08-11 13:06:04] c("blue", "green")
INFO [2022-08-11 13:06:04] 
INFO [2022-08-11 13:06:04] $cat.just
INFO [2022-08-11 13:06:04] list(c(0.07, -4.5), c(0.7, -5))
INFO [2022-08-11 13:06:04] 
INFO [2022-08-11 13:06:04] $cat.default.pos
INFO [2022-08-11 13:06:04] [1] "outer"
INFO [2022-08-11 13:06:04] 
INFO [2022-08-11 13:06:04] $cat.fontfamily
INFO [2022-08-11 13:06:04] [1] "sans"
INFO [2022-08-11 13:06:04] 
INFO [2022-08-11 13:06:04] $print.mode
INFO [2022-08-11 13:06:04] [1] "raw"
INFO [2022-08-11 13:06:04] 
INFO [2022-08-11 13:06:04] $direct.area
INFO [2022-08-11 13:06:04] [1] TRUE
INFO [2022-08-11 13:06:04] 
INFO [2022-08-11 13:06:04] $area.vector
INFO [2022-08-11 13:06:04] c(length(overlap$a1), length(overlap$a2), length(overlap$a3))
INFO [2022-08-11 13:06:04] 
INFO [2022-08-11 13:06:04] $fill
INFO [2022-08-11 13:06:04] c("blue", "green")
INFO [2022-08-11 13:06:04] 
INFO [2022-08-11 13:06:04] $alpha
INFO [2022-08-11 13:06:04] [1] 0.3
INFO [2022-08-11 13:06:04] 
INFO [2022-08-11 13:06:04] $col
INFO [2022-08-11 13:06:04] c("blue", "green")
INFO [2022-08-11 13:06:04] 
INFO [2022-08-11 13:06:04] $lwd
INFO [2022-08-11 13:06:04] [1] 2
INFO [2022-08-11 13:06:04] 
INFO [2022-08-11 13:06:04] $height
INFO [2022-08-11 13:06:04] [1] 2000
INFO [2022-08-11 13:06:04] 
INFO [2022-08-11 13:06:04] $width
INFO [2022-08-11 13:06:04] [1] 2000
INFO [2022-08-11 13:06:04] 
INFO [2022-08-11 13:06:04] $margin
INFO [2022-08-11 13:06:04] [1] 0.31
INFO [2022-08-11 13:06:04] 
