INFO [2022-08-01 22:07:27] $x
INFO [2022-08-01 22:07:27] list(`20 min` = R1, `120 min` = R2)
INFO [2022-08-01 22:07:27] 
INFO [2022-08-01 22:07:27] $filename
INFO [2022-08-01 22:07:27] myfile1
INFO [2022-08-01 22:07:27] 
INFO [2022-08-01 22:07:27] $main
INFO [2022-08-01 22:07:27] [1] "UniProtID"
INFO [2022-08-01 22:07:27] 
INFO [2022-08-01 22:07:27] $main.fontface
INFO [2022-08-01 22:07:27] [1] "bold"
INFO [2022-08-01 22:07:27] 
INFO [2022-08-01 22:07:27] $main.fontfamily
INFO [2022-08-01 22:07:27] [1] "sans"
INFO [2022-08-01 22:07:27] 
INFO [2022-08-01 22:07:27] $main.cex
INFO [2022-08-01 22:07:27] [1] 1.6
INFO [2022-08-01 22:07:27] 
INFO [2022-08-01 22:07:27] $main.pos
INFO [2022-08-01 22:07:27] c(0.5, 0.8)
INFO [2022-08-01 22:07:27] 
INFO [2022-08-01 22:07:27] $cex
INFO [2022-08-01 22:07:27] [1] 1
INFO [2022-08-01 22:07:27] 
INFO [2022-08-01 22:07:27] $label.col
INFO [2022-08-01 22:07:27] [1] "grey9"
INFO [2022-08-01 22:07:27] 
INFO [2022-08-01 22:07:27] $label.fontfamily
INFO [2022-08-01 22:07:27] [1] "sans"
INFO [2022-08-01 22:07:27] 
INFO [2022-08-01 22:07:27] $cat.cex
INFO [2022-08-01 22:07:27] [1] 1.1
INFO [2022-08-01 22:07:27] 
INFO [2022-08-01 22:07:27] $cat.col
INFO [2022-08-01 22:07:27] c("brown", "#4f79a4")
INFO [2022-08-01 22:07:27] 
INFO [2022-08-01 22:07:27] $cat.just
INFO [2022-08-01 22:07:27] list(c(0.07, -4.5), c(0.7, -5))
INFO [2022-08-01 22:07:27] 
INFO [2022-08-01 22:07:27] $cat.default.pos
INFO [2022-08-01 22:07:27] [1] "outer"
INFO [2022-08-01 22:07:27] 
INFO [2022-08-01 22:07:27] $cat.fontfamily
INFO [2022-08-01 22:07:27] [1] "sans"
INFO [2022-08-01 22:07:27] 
INFO [2022-08-01 22:07:27] $print.mode
INFO [2022-08-01 22:07:27] [1] "raw"
INFO [2022-08-01 22:07:27] 
INFO [2022-08-01 22:07:27] $direct.area
INFO [2022-08-01 22:07:27] [1] TRUE
INFO [2022-08-01 22:07:27] 
INFO [2022-08-01 22:07:27] $area.vector
INFO [2022-08-01 22:07:27] c(length(overlap$a1), length(overlap$a2), length(overlap$a3))
INFO [2022-08-01 22:07:27] 
INFO [2022-08-01 22:07:27] $fill
INFO [2022-08-01 22:07:27] c("#FF7E7A", "#FF2600")
INFO [2022-08-01 22:07:27] 
INFO [2022-08-01 22:07:27] $alpha
INFO [2022-08-01 22:07:27] [1] 0.3
INFO [2022-08-01 22:07:27] 
INFO [2022-08-01 22:07:27] $col
INFO [2022-08-01 22:07:27] c("#FF7E7A", "#FF2600")
INFO [2022-08-01 22:07:27] 
INFO [2022-08-01 22:07:27] $lwd
INFO [2022-08-01 22:07:27] [1] 2
INFO [2022-08-01 22:07:27] 
INFO [2022-08-01 22:07:27] $height
INFO [2022-08-01 22:07:27] [1] 2000
INFO [2022-08-01 22:07:27] 
INFO [2022-08-01 22:07:27] $width
INFO [2022-08-01 22:07:27] [1] 2000
INFO [2022-08-01 22:07:27] 
INFO [2022-08-01 22:07:27] $margin
INFO [2022-08-01 22:07:27] [1] 0.31
INFO [2022-08-01 22:07:27] 
