INFO [2022-08-11 12:57:58] $x
INFO [2022-08-11 12:57:58] list(`20 min` = R1, `120 min` = R2)
INFO [2022-08-11 12:57:58] 
INFO [2022-08-11 12:57:58] $filename
INFO [2022-08-11 12:57:58] myfile1
INFO [2022-08-11 12:57:58] 
INFO [2022-08-11 12:57:58] $main
INFO [2022-08-11 12:57:58] [1] "UniProtID"
INFO [2022-08-11 12:57:58] 
INFO [2022-08-11 12:57:58] $main.fontface
INFO [2022-08-11 12:57:58] [1] "bold"
INFO [2022-08-11 12:57:58] 
INFO [2022-08-11 12:57:58] $main.fontfamily
INFO [2022-08-11 12:57:58] [1] "sans"
INFO [2022-08-11 12:57:58] 
INFO [2022-08-11 12:57:58] $main.cex
INFO [2022-08-11 12:57:58] [1] 1.6
INFO [2022-08-11 12:57:58] 
INFO [2022-08-11 12:57:58] $main.pos
INFO [2022-08-11 12:57:58] c(0.5, 0.8)
INFO [2022-08-11 12:57:58] 
INFO [2022-08-11 12:57:58] $cex
INFO [2022-08-11 12:57:58] [1] 1
INFO [2022-08-11 12:57:58] 
INFO [2022-08-11 12:57:58] $label.col
INFO [2022-08-11 12:57:58] [1] "grey9"
INFO [2022-08-11 12:57:58] 
INFO [2022-08-11 12:57:58] $label.fontfamily
INFO [2022-08-11 12:57:58] [1] "sans"
INFO [2022-08-11 12:57:58] 
INFO [2022-08-11 12:57:58] $cat.cex
INFO [2022-08-11 12:57:58] [1] 1.1
INFO [2022-08-11 12:57:58] 
INFO [2022-08-11 12:57:58] $cat.col
INFO [2022-08-11 12:57:58] c("blue", "green")
INFO [2022-08-11 12:57:58] 
INFO [2022-08-11 12:57:58] $cat.just
INFO [2022-08-11 12:57:58] list(c(0.07, -4.5), c(0.7, -5))
INFO [2022-08-11 12:57:58] 
INFO [2022-08-11 12:57:58] $cat.default.pos
INFO [2022-08-11 12:57:58] [1] "outer"
INFO [2022-08-11 12:57:58] 
INFO [2022-08-11 12:57:58] $cat.fontfamily
INFO [2022-08-11 12:57:58] [1] "sans"
INFO [2022-08-11 12:57:58] 
INFO [2022-08-11 12:57:58] $print.mode
INFO [2022-08-11 12:57:58] [1] "raw"
INFO [2022-08-11 12:57:58] 
INFO [2022-08-11 12:57:58] $direct.area
INFO [2022-08-11 12:57:58] [1] TRUE
INFO [2022-08-11 12:57:58] 
INFO [2022-08-11 12:57:58] $area.vector
INFO [2022-08-11 12:57:58] c(length(overlap$a1), length(overlap$a2), length(overlap$a3))
INFO [2022-08-11 12:57:58] 
INFO [2022-08-11 12:57:58] $fill
INFO [2022-08-11 12:57:58] c("blue", "green")
INFO [2022-08-11 12:57:58] 
INFO [2022-08-11 12:57:58] $alpha
INFO [2022-08-11 12:57:58] [1] 0.3
INFO [2022-08-11 12:57:58] 
INFO [2022-08-11 12:57:58] $col
INFO [2022-08-11 12:57:58] c("blue", "green")
INFO [2022-08-11 12:57:58] 
INFO [2022-08-11 12:57:58] $lwd
INFO [2022-08-11 12:57:58] [1] 2
INFO [2022-08-11 12:57:58] 
INFO [2022-08-11 12:57:58] $height
INFO [2022-08-11 12:57:58] [1] 2000
INFO [2022-08-11 12:57:58] 
INFO [2022-08-11 12:57:58] $width
INFO [2022-08-11 12:57:58] [1] 2000
INFO [2022-08-11 12:57:58] 
INFO [2022-08-11 12:57:58] $margin
INFO [2022-08-11 12:57:58] [1] 0.31
INFO [2022-08-11 12:57:58] 
