INFO [2022-08-11 12:57:59] $x
INFO [2022-08-11 12:57:59] list(`20 min` = R1, `120 min` = R2)
INFO [2022-08-11 12:57:59] 
INFO [2022-08-11 12:57:59] $filename
INFO [2022-08-11 12:57:59] myfile2
INFO [2022-08-11 12:57:59] 
INFO [2022-08-11 12:57:59] $cex
INFO [2022-08-11 12:57:59] [1] 1
INFO [2022-08-11 12:57:59] 
INFO [2022-08-11 12:57:59] $label.col
INFO [2022-08-11 12:57:59] [1] "transparent"
INFO [2022-08-11 12:57:59] 
INFO [2022-08-11 12:57:59] $label.fontfamily
INFO [2022-08-11 12:57:59] [1] "sans"
INFO [2022-08-11 12:57:59] 
INFO [2022-08-11 12:57:59] $cat.cex
INFO [2022-08-11 12:57:59] [1] 1.1
INFO [2022-08-11 12:57:59] 
INFO [2022-08-11 12:57:59] $cat.col
INFO [2022-08-11 12:57:59] [1] "transparent"
INFO [2022-08-11 12:57:59] 
INFO [2022-08-11 12:57:59] $cat.just
INFO [2022-08-11 12:57:59] list(c(0.07, -4.5), c(0.7, -5))
INFO [2022-08-11 12:57:59] 
INFO [2022-08-11 12:57:59] $cat.default.pos
INFO [2022-08-11 12:57:59] [1] "outer"
INFO [2022-08-11 12:57:59] 
INFO [2022-08-11 12:57:59] $cat.fontfamily
INFO [2022-08-11 12:57:59] [1] "sans"
INFO [2022-08-11 12:57:59] 
INFO [2022-08-11 12:57:59] $print.mode
INFO [2022-08-11 12:57:59] [1] "raw"
INFO [2022-08-11 12:57:59] 
INFO [2022-08-11 12:57:59] $direct.area
INFO [2022-08-11 12:57:59] [1] TRUE
INFO [2022-08-11 12:57:59] 
INFO [2022-08-11 12:57:59] $area.vector
INFO [2022-08-11 12:57:59] c(length(overlap$a1), length(overlap$a2), length(overlap$a3))
INFO [2022-08-11 12:57:59] 
INFO [2022-08-11 12:57:59] $fill
INFO [2022-08-11 12:57:59] c("blue", "green")
INFO [2022-08-11 12:57:59] 
INFO [2022-08-11 12:57:59] $alpha
INFO [2022-08-11 12:57:59] [1] 0.3
INFO [2022-08-11 12:57:59] 
INFO [2022-08-11 12:57:59] $col
INFO [2022-08-11 12:57:59] c("blue", "#green")
INFO [2022-08-11 12:57:59] 
INFO [2022-08-11 12:57:59] $lwd
INFO [2022-08-11 12:57:59] [1] 2
INFO [2022-08-11 12:57:59] 
INFO [2022-08-11 12:57:59] $height
INFO [2022-08-11 12:57:59] [1] 2000
INFO [2022-08-11 12:57:59] 
INFO [2022-08-11 12:57:59] $width
INFO [2022-08-11 12:57:59] [1] 2000
INFO [2022-08-11 12:57:59] 
INFO [2022-08-11 12:57:59] $margin
INFO [2022-08-11 12:57:59] [1] 0
INFO [2022-08-11 12:57:59] 
