INFO [2022-08-01 22:13:00] $x
INFO [2022-08-01 22:13:00] list(`20 min` = R1, `120 min` = R2)
INFO [2022-08-01 22:13:00] 
INFO [2022-08-01 22:13:00] $filename
INFO [2022-08-01 22:13:00] myfile2
INFO [2022-08-01 22:13:00] 
INFO [2022-08-01 22:13:00] $cex
INFO [2022-08-01 22:13:00] [1] 1
INFO [2022-08-01 22:13:00] 
INFO [2022-08-01 22:13:00] $label.col
INFO [2022-08-01 22:13:00] [1] "transparent"
INFO [2022-08-01 22:13:00] 
INFO [2022-08-01 22:13:00] $label.fontfamily
INFO [2022-08-01 22:13:00] [1] "sans"
INFO [2022-08-01 22:13:00] 
INFO [2022-08-01 22:13:00] $cat.cex
INFO [2022-08-01 22:13:00] [1] 1.1
INFO [2022-08-01 22:13:00] 
INFO [2022-08-01 22:13:00] $cat.col
INFO [2022-08-01 22:13:00] [1] "transparent"
INFO [2022-08-01 22:13:00] 
INFO [2022-08-01 22:13:00] $cat.just
INFO [2022-08-01 22:13:00] list(c(0.07, -4.5), c(0.7, -5))
INFO [2022-08-01 22:13:00] 
INFO [2022-08-01 22:13:00] $cat.default.pos
INFO [2022-08-01 22:13:00] [1] "outer"
INFO [2022-08-01 22:13:00] 
INFO [2022-08-01 22:13:00] $cat.fontfamily
INFO [2022-08-01 22:13:00] [1] "sans"
INFO [2022-08-01 22:13:00] 
INFO [2022-08-01 22:13:00] $print.mode
INFO [2022-08-01 22:13:00] [1] "raw"
INFO [2022-08-01 22:13:00] 
INFO [2022-08-01 22:13:00] $direct.area
INFO [2022-08-01 22:13:00] [1] TRUE
INFO [2022-08-01 22:13:00] 
INFO [2022-08-01 22:13:00] $area.vector
INFO [2022-08-01 22:13:00] c(length(overlap$a1), length(overlap$a2), length(overlap$a3))
INFO [2022-08-01 22:13:00] 
INFO [2022-08-01 22:13:00] $fill
INFO [2022-08-01 22:13:00] c("blue", "green")
INFO [2022-08-01 22:13:00] 
INFO [2022-08-01 22:13:00] $alpha
INFO [2022-08-01 22:13:00] [1] 0.3
INFO [2022-08-01 22:13:00] 
INFO [2022-08-01 22:13:00] $col
INFO [2022-08-01 22:13:00] c("blue", "#green")
INFO [2022-08-01 22:13:00] 
INFO [2022-08-01 22:13:00] $lwd
INFO [2022-08-01 22:13:00] [1] 2
INFO [2022-08-01 22:13:00] 
INFO [2022-08-01 22:13:00] $height
INFO [2022-08-01 22:13:00] [1] 2000
INFO [2022-08-01 22:13:00] 
INFO [2022-08-01 22:13:00] $width
INFO [2022-08-01 22:13:00] [1] 2000
INFO [2022-08-01 22:13:00] 
INFO [2022-08-01 22:13:00] $margin
INFO [2022-08-01 22:13:00] [1] 0
INFO [2022-08-01 22:13:00] 
