INFO [2022-05-17 15:47:43] $x
INFO [2022-05-17 15:47:43] list(`Version 15` = R1, `Version 16` = R2)
INFO [2022-05-17 15:47:43] 
INFO [2022-05-17 15:47:43] $filename
INFO [2022-05-17 15:47:43] myfile1
INFO [2022-05-17 15:47:43] 
INFO [2022-05-17 15:47:43] $main
INFO [2022-05-17 15:47:43] [1] "UniProtID"
INFO [2022-05-17 15:47:43] 
INFO [2022-05-17 15:47:43] $main.fontface
INFO [2022-05-17 15:47:43] [1] "bold"
INFO [2022-05-17 15:47:43] 
INFO [2022-05-17 15:47:43] $main.fontfamily
INFO [2022-05-17 15:47:43] [1] "sans"
INFO [2022-05-17 15:47:43] 
INFO [2022-05-17 15:47:43] $main.cex
INFO [2022-05-17 15:47:43] [1] 1.6
INFO [2022-05-17 15:47:43] 
INFO [2022-05-17 15:47:43] $main.pos
INFO [2022-05-17 15:47:43] c(0.5, 0.8)
INFO [2022-05-17 15:47:43] 
INFO [2022-05-17 15:47:43] $cex
INFO [2022-05-17 15:47:43] [1] 1
INFO [2022-05-17 15:47:43] 
INFO [2022-05-17 15:47:43] $label.col
INFO [2022-05-17 15:47:43] [1] "grey9"
INFO [2022-05-17 15:47:43] 
INFO [2022-05-17 15:47:43] $label.fontfamily
INFO [2022-05-17 15:47:43] [1] "sans"
INFO [2022-05-17 15:47:43] 
INFO [2022-05-17 15:47:43] $cat.cex
INFO [2022-05-17 15:47:43] [1] 1.1
INFO [2022-05-17 15:47:43] 
INFO [2022-05-17 15:47:43] $cat.col
INFO [2022-05-17 15:47:43] c("brown", "#4f79a4")
INFO [2022-05-17 15:47:43] 
INFO [2022-05-17 15:47:43] $cat.just
INFO [2022-05-17 15:47:43] list(c(0.07, -4.5), c(0.7, -5))
INFO [2022-05-17 15:47:43] 
INFO [2022-05-17 15:47:43] $cat.default.pos
INFO [2022-05-17 15:47:43] [1] "outer"
INFO [2022-05-17 15:47:43] 
INFO [2022-05-17 15:47:43] $cat.fontfamily
INFO [2022-05-17 15:47:43] [1] "sans"
INFO [2022-05-17 15:47:43] 
INFO [2022-05-17 15:47:43] $print.mode
INFO [2022-05-17 15:47:43] [1] "raw"
INFO [2022-05-17 15:47:43] 
INFO [2022-05-17 15:47:43] $direct.area
INFO [2022-05-17 15:47:43] [1] TRUE
INFO [2022-05-17 15:47:43] 
INFO [2022-05-17 15:47:43] $area.vector
INFO [2022-05-17 15:47:43] c(length(overlap$a1), length(overlap$a2), length(overlap$a3))
INFO [2022-05-17 15:47:43] 
INFO [2022-05-17 15:47:43] $fill
INFO [2022-05-17 15:47:43] c("brown", "#4f79a4")
INFO [2022-05-17 15:47:43] 
INFO [2022-05-17 15:47:43] $alpha
INFO [2022-05-17 15:47:43] [1] 0.3
INFO [2022-05-17 15:47:43] 
INFO [2022-05-17 15:47:43] $col
INFO [2022-05-17 15:47:43] c("brown", "#4f79a4")
INFO [2022-05-17 15:47:43] 
INFO [2022-05-17 15:47:43] $lwd
INFO [2022-05-17 15:47:43] [1] 2
INFO [2022-05-17 15:47:43] 
INFO [2022-05-17 15:47:43] $height
INFO [2022-05-17 15:47:43] [1] 2000
INFO [2022-05-17 15:47:43] 
INFO [2022-05-17 15:47:43] $width
INFO [2022-05-17 15:47:43] [1] 2000
INFO [2022-05-17 15:47:43] 
INFO [2022-05-17 15:47:43] $margin
INFO [2022-05-17 15:47:43] [1] 0.31
INFO [2022-05-17 15:47:43] 
