INFO [2022-05-20 10:37:26] $x
INFO [2022-05-20 10:37:26] list(`Version 15` = R1, `Version 16` = R2)
INFO [2022-05-20 10:37:26] 
INFO [2022-05-20 10:37:26] $filename
INFO [2022-05-20 10:37:26] myfile2
INFO [2022-05-20 10:37:26] 
INFO [2022-05-20 10:37:26] $cex
INFO [2022-05-20 10:37:26] [1] 1
INFO [2022-05-20 10:37:26] 
INFO [2022-05-20 10:37:26] $label.col
INFO [2022-05-20 10:37:26] [1] "transparent"
INFO [2022-05-20 10:37:26] 
INFO [2022-05-20 10:37:26] $label.fontfamily
INFO [2022-05-20 10:37:26] [1] "sans"
INFO [2022-05-20 10:37:26] 
INFO [2022-05-20 10:37:26] $cat.cex
INFO [2022-05-20 10:37:26] [1] 1.1
INFO [2022-05-20 10:37:26] 
INFO [2022-05-20 10:37:26] $cat.col
INFO [2022-05-20 10:37:26] [1] "transparent"
INFO [2022-05-20 10:37:26] 
INFO [2022-05-20 10:37:26] $cat.just
INFO [2022-05-20 10:37:26] list(c(0.07, -4.5), c(0.7, -5))
INFO [2022-05-20 10:37:26] 
INFO [2022-05-20 10:37:26] $cat.default.pos
INFO [2022-05-20 10:37:26] [1] "outer"
INFO [2022-05-20 10:37:26] 
INFO [2022-05-20 10:37:26] $cat.fontfamily
INFO [2022-05-20 10:37:26] [1] "sans"
INFO [2022-05-20 10:37:26] 
INFO [2022-05-20 10:37:26] $print.mode
INFO [2022-05-20 10:37:26] [1] "raw"
INFO [2022-05-20 10:37:26] 
INFO [2022-05-20 10:37:26] $direct.area
INFO [2022-05-20 10:37:26] [1] TRUE
INFO [2022-05-20 10:37:26] 
INFO [2022-05-20 10:37:26] $area.vector
INFO [2022-05-20 10:37:26] c(length(overlap$a1), length(overlap$a2), length(overlap$a3))
INFO [2022-05-20 10:37:26] 
INFO [2022-05-20 10:37:26] $fill
INFO [2022-05-20 10:37:26] c("brown", "#4f79a4")
INFO [2022-05-20 10:37:26] 
INFO [2022-05-20 10:37:26] $alpha
INFO [2022-05-20 10:37:26] [1] 0.3
INFO [2022-05-20 10:37:26] 
INFO [2022-05-20 10:37:26] $col
INFO [2022-05-20 10:37:26] c("brown", "#4f79a4")
INFO [2022-05-20 10:37:26] 
INFO [2022-05-20 10:37:26] $lwd
INFO [2022-05-20 10:37:26] [1] 2
INFO [2022-05-20 10:37:26] 
INFO [2022-05-20 10:37:26] $height
INFO [2022-05-20 10:37:26] [1] 2000
INFO [2022-05-20 10:37:26] 
INFO [2022-05-20 10:37:26] $width
INFO [2022-05-20 10:37:26] [1] 2000
INFO [2022-05-20 10:37:26] 
INFO [2022-05-20 10:37:26] $margin
INFO [2022-05-20 10:37:26] [1] 0
INFO [2022-05-20 10:37:26] 
