INFO [2022-05-18 14:24:16] $x
INFO [2022-05-18 14:24:16] list(`Version 15` = R1, `Version 16` = R2)
INFO [2022-05-18 14:24:16] 
INFO [2022-05-18 14:24:16] $filename
INFO [2022-05-18 14:24:16] myfile2
INFO [2022-05-18 14:24:16] 
INFO [2022-05-18 14:24:16] $cex
INFO [2022-05-18 14:24:16] [1] 1
INFO [2022-05-18 14:24:16] 
INFO [2022-05-18 14:24:16] $label.col
INFO [2022-05-18 14:24:16] [1] "transparent"
INFO [2022-05-18 14:24:16] 
INFO [2022-05-18 14:24:16] $label.fontfamily
INFO [2022-05-18 14:24:16] [1] "sans"
INFO [2022-05-18 14:24:16] 
INFO [2022-05-18 14:24:16] $cat.cex
INFO [2022-05-18 14:24:16] [1] 1.1
INFO [2022-05-18 14:24:16] 
INFO [2022-05-18 14:24:16] $cat.col
INFO [2022-05-18 14:24:16] [1] "transparent"
INFO [2022-05-18 14:24:16] 
INFO [2022-05-18 14:24:16] $cat.just
INFO [2022-05-18 14:24:16] list(c(0.07, -4.5), c(0.7, -5))
INFO [2022-05-18 14:24:16] 
INFO [2022-05-18 14:24:16] $cat.default.pos
INFO [2022-05-18 14:24:16] [1] "outer"
INFO [2022-05-18 14:24:16] 
INFO [2022-05-18 14:24:16] $cat.fontfamily
INFO [2022-05-18 14:24:16] [1] "sans"
INFO [2022-05-18 14:24:16] 
INFO [2022-05-18 14:24:16] $print.mode
INFO [2022-05-18 14:24:16] [1] "raw"
INFO [2022-05-18 14:24:16] 
INFO [2022-05-18 14:24:16] $direct.area
INFO [2022-05-18 14:24:16] [1] TRUE
INFO [2022-05-18 14:24:16] 
INFO [2022-05-18 14:24:16] $area.vector
INFO [2022-05-18 14:24:16] c(length(overlap$a1), length(overlap$a2), length(overlap$a3))
INFO [2022-05-18 14:24:16] 
INFO [2022-05-18 14:24:16] $fill
INFO [2022-05-18 14:24:16] c("brown", "#4f79a4")
INFO [2022-05-18 14:24:16] 
INFO [2022-05-18 14:24:16] $alpha
INFO [2022-05-18 14:24:16] [1] 0.3
INFO [2022-05-18 14:24:16] 
INFO [2022-05-18 14:24:16] $col
INFO [2022-05-18 14:24:16] c("brown", "#4f79a4")
INFO [2022-05-18 14:24:16] 
INFO [2022-05-18 14:24:16] $lwd
INFO [2022-05-18 14:24:16] [1] 2
INFO [2022-05-18 14:24:16] 
INFO [2022-05-18 14:24:16] $height
INFO [2022-05-18 14:24:16] [1] 2000
INFO [2022-05-18 14:24:16] 
INFO [2022-05-18 14:24:16] $width
INFO [2022-05-18 14:24:16] [1] 2000
INFO [2022-05-18 14:24:16] 
INFO [2022-05-18 14:24:16] $margin
INFO [2022-05-18 14:24:16] [1] 0
INFO [2022-05-18 14:24:16] 
