INFO [2022-05-25 10:06:44] $x
INFO [2022-05-25 10:06:44] list(`Protein Candidates` = R1, `SASP Markers` = R2)
INFO [2022-05-25 10:06:44] 
INFO [2022-05-25 10:06:44] $filename
INFO [2022-05-25 10:06:44] myfile2
INFO [2022-05-25 10:06:44] 
INFO [2022-05-25 10:06:44] $cex
INFO [2022-05-25 10:06:44] [1] 1
INFO [2022-05-25 10:06:44] 
INFO [2022-05-25 10:06:44] $label.col
INFO [2022-05-25 10:06:44] [1] "transparent"
INFO [2022-05-25 10:06:44] 
INFO [2022-05-25 10:06:44] $label.fontfamily
INFO [2022-05-25 10:06:44] [1] "sans"
INFO [2022-05-25 10:06:44] 
INFO [2022-05-25 10:06:44] $cat.cex
INFO [2022-05-25 10:06:44] [1] 1.1
INFO [2022-05-25 10:06:44] 
INFO [2022-05-25 10:06:44] $cat.col
INFO [2022-05-25 10:06:44] [1] "transparent"
INFO [2022-05-25 10:06:44] 
INFO [2022-05-25 10:06:44] $cat.just
INFO [2022-05-25 10:06:44] list(c(0.07, -4.5), c(0.7, -5))
INFO [2022-05-25 10:06:44] 
INFO [2022-05-25 10:06:44] $cat.default.pos
INFO [2022-05-25 10:06:44] [1] "outer"
INFO [2022-05-25 10:06:44] 
INFO [2022-05-25 10:06:44] $cat.fontfamily
INFO [2022-05-25 10:06:44] [1] "sans"
INFO [2022-05-25 10:06:44] 
INFO [2022-05-25 10:06:44] $print.mode
INFO [2022-05-25 10:06:44] [1] "raw"
INFO [2022-05-25 10:06:44] 
INFO [2022-05-25 10:06:44] $direct.area
INFO [2022-05-25 10:06:44] [1] TRUE
INFO [2022-05-25 10:06:44] 
INFO [2022-05-25 10:06:44] $area.vector
INFO [2022-05-25 10:06:44] c(length(overlap$a1), length(overlap$a2), length(overlap$a3))
INFO [2022-05-25 10:06:44] 
INFO [2022-05-25 10:06:44] $fill
INFO [2022-05-25 10:06:44] c("brown", "#4f79a4")
INFO [2022-05-25 10:06:44] 
INFO [2022-05-25 10:06:44] $alpha
INFO [2022-05-25 10:06:44] [1] 0.3
INFO [2022-05-25 10:06:44] 
INFO [2022-05-25 10:06:44] $col
INFO [2022-05-25 10:06:44] c("brown", "#4f79a4")
INFO [2022-05-25 10:06:44] 
INFO [2022-05-25 10:06:44] $lwd
INFO [2022-05-25 10:06:44] [1] 2
INFO [2022-05-25 10:06:44] 
INFO [2022-05-25 10:06:44] $height
INFO [2022-05-25 10:06:44] [1] 2000
INFO [2022-05-25 10:06:44] 
INFO [2022-05-25 10:06:44] $width
INFO [2022-05-25 10:06:44] [1] 2000
INFO [2022-05-25 10:06:44] 
INFO [2022-05-25 10:06:44] $margin
INFO [2022-05-25 10:06:44] [1] 0
INFO [2022-05-25 10:06:44] 
